d:\bsc-live-coding\libraries\bullet3-2.87\build3\vs2010\obj\x64\debug\pybullet_vrsyncplugin\physicsclientsharedmemory_c_api.obj
d:\bsc-live-coding\libraries\bullet3-2.87\build3\vs2010\obj\x64\debug\pybullet_vrsyncplugin\posixsharedmemory.obj
d:\bsc-live-coding\libraries\bullet3-2.87\build3\vs2010\obj\x64\debug\pybullet_vrsyncplugin\b3clock.obj
d:\bsc-live-coding\libraries\bullet3-2.87\build3\vs2010\obj\x64\debug\pybullet_vrsyncplugin\physicsclientsharedmemory.obj
d:\bsc-live-coding\libraries\bullet3-2.87\build3\vs2010\obj\x64\debug\pybullet_vrsyncplugin\vrsyncplugin.obj
d:\bsc-live-coding\libraries\bullet3-2.87\build3\vs2010\obj\x64\debug\pybullet_vrsyncplugin\win32sharedmemory.obj
d:\bsc-live-coding\libraries\bullet3-2.87\build3\vs2010\obj\x64\debug\pybullet_vrsyncplugin\b3resourcepath.obj
d:\bsc-live-coding\libraries\bullet3-2.87\build3\vs2010\obj\x64\debug\pybullet_vrsyncplugin\physicsclient.obj
d:\bsc-live-coding\libraries\bullet3-2.87\build3\vs2010\obj\x64\debug\pybullet_vrsyncplugin\physicsclientc_api.obj
d:\bsc-live-coding\libraries\bullet3-2.87\bin\pybullet_vrsyncplugin_vs2010_x64_debug.pdb
d:\bsc-live-coding\libraries\bullet3-2.87\bin\pybullet_vrsyncplugin_vs2010_x64_debug.ilk
d:\bsc-live-coding\libraries\bullet3-2.87\bin\pybullet_vrsyncplugin_vs2010_x64_debug.dll
d:\bsc-live-coding\libraries\bullet3-2.87\bin\lnk{1aa34af2-941b-4ad7-97fe-a4d1a9a8f60a}.tmp
d:\bsc-live-coding\libraries\bullet3-2.87\bin\pybullet_vrsyncplugin_vs2010_x64_debug.lib
d:\bsc-live-coding\libraries\bullet3-2.87\bin\pybullet_vrsyncplugin_vs2010_x64_debug.exp
d:\bsc-live-coding\libraries\bullet3-2.87\build3\vs2010\..\..\bin\pybullet_vrsyncplugin_vs2010_x64_debug.dll
d:\bsc-live-coding\libraries\bullet3-2.87\build3\vs2010\obj\x64\debug\pybullet_vrsyncplugin\pybullet.e189bbd7.tlog\cl.command.1.tlog
d:\bsc-live-coding\libraries\bullet3-2.87\build3\vs2010\obj\x64\debug\pybullet_vrsyncplugin\pybullet.e189bbd7.tlog\cl.read.1.tlog
d:\bsc-live-coding\libraries\bullet3-2.87\build3\vs2010\obj\x64\debug\pybullet_vrsyncplugin\pybullet.e189bbd7.tlog\cl.write.1.tlog
d:\bsc-live-coding\libraries\bullet3-2.87\build3\vs2010\obj\x64\debug\pybullet_vrsyncplugin\pybullet.e189bbd7.tlog\link.command.1.tlog
d:\bsc-live-coding\libraries\bullet3-2.87\build3\vs2010\obj\x64\debug\pybullet_vrsyncplugin\pybullet.e189bbd7.tlog\link.delete.1.tlog
d:\bsc-live-coding\libraries\bullet3-2.87\build3\vs2010\obj\x64\debug\pybullet_vrsyncplugin\pybullet.e189bbd7.tlog\link.read.1.tlog
d:\bsc-live-coding\libraries\bullet3-2.87\build3\vs2010\obj\x64\debug\pybullet_vrsyncplugin\pybullet.e189bbd7.tlog\link.write.1.tlog
d:\bsc-live-coding\libraries\bullet3-2.87\build3\vs2010\obj\x64\debug\pybullet_vrsyncplugin\pybullet.e189bbd7.tlog\pybullet_vrsyncplugin.write.1u.tlog
