  main.cpp
  PhysicsClient.cpp
  PhysicsDirect.cpp
  SharedMemoryCommandProcessor.cpp
  PhysicsClientC_API.cpp
d:\bsc-live-coding\libraries\bullet3-2.87\examples\thirdpartylibs\clsocket\src\SimpleSocket.h(463): warning C4996: 'inet_ntoa': Use inet_ntop() or InetNtop() instead or define _WINSOCK_DEPRECATED_NO_WARNINGS to disable deprecated API warnings (compiling source file ..\..\examples\SharedMemory\tcp\main.cpp)
  C:\Program Files (x86)\Windows Kits\10\Include\10.0.15063.0\um\winsock2.h(1848): note: see declaration of 'inet_ntoa' (compiling source file ..\..\examples\SharedMemory\tcp\main.cpp)
d:\bsc-live-coding\libraries\bullet3-2.87\examples\thirdpartylibs\clsocket\src\SimpleSocket.h(475): warning C4996: 'inet_ntoa': Use inet_ntop() or InetNtop() instead or define _WINSOCK_DEPRECATED_NO_WARNINGS to disable deprecated API warnings (compiling source file ..\..\examples\SharedMemory\tcp\main.cpp)
  C:\Program Files (x86)\Windows Kits\10\Include\10.0.15063.0\um\winsock2.h(1848): note: see declaration of 'inet_ntoa' (compiling source file ..\..\examples\SharedMemory\tcp\main.cpp)
  Win32SharedMemory.cpp
C:\Program Files (x86)\Microsoft Visual Studio\2017\Community\VC\Tools\MSVC\14.11.25503\include\stdint.h(56): warning C4005: 'UINT8_MAX': macro redefinition (compiling source file ..\..\examples\SharedMemory\tcp\main.cpp)
  d:\bsc-live-coding\libraries\bullet3-2.87\examples\thirdpartylibs\clsocket\src\Host.h(108): note: see previous definition of 'UINT8_MAX' (compiling source file ..\..\examples\SharedMemory\tcp\main.cpp)
C:\Program Files (x86)\Microsoft Visual Studio\2017\Community\VC\Tools\MSVC\14.11.25503\include\stdint.h(57): warning C4005: 'UINT16_MAX': macro redefinition (compiling source file ..\..\examples\SharedMemory\tcp\main.cpp)
  d:\bsc-live-coding\libraries\bullet3-2.87\examples\thirdpartylibs\clsocket\src\Host.h(111): note: see previous definition of 'UINT16_MAX' (compiling source file ..\..\examples\SharedMemory\tcp\main.cpp)
C:\Program Files (x86)\Microsoft Visual Studio\2017\Community\VC\Tools\MSVC\14.11.25503\include\stdint.h(58): warning C4005: 'UINT32_MAX': macro redefinition (compiling source file ..\..\examples\SharedMemory\tcp\main.cpp)
  d:\bsc-live-coding\libraries\bullet3-2.87\examples\thirdpartylibs\clsocket\src\Host.h(114): note: see previous definition of 'UINT32_MAX' (compiling source file ..\..\examples\SharedMemory\tcp\main.cpp)
  PosixSharedMemory.cpp
  b3ResourcePath.cpp
  b3Clock.cpp
D:\bsc-live-coding\Libraries\bullet3-2.87\src\Bullet3Common/b3CommandLineArgs.h(92): warning C4996: 'strcpy': This function or variable may be unsafe. Consider using strcpy_s instead. To disable deprecation, use _CRT_SECURE_NO_WARNINGS. See online help for details. (compiling source file ..\..\examples\SharedMemory\tcp\main.cpp)
  C:\Program Files (x86)\Windows Kits\10\Include\10.0.15063.0\ucrt\string.h(136): note: see declaration of 'strcpy' (compiling source file ..\..\examples\SharedMemory\tcp\main.cpp)
LINK : fatal error LNK1104: cannot open file '..\..\bin\clsocket_vs2010_x64_debug.lib'
