d:\bsc-live-coding\libraries\bullet3-2.87\bin\app_physicsserversharedmemorybridgetcp_vs2010_x64_debug.lib
d:\bsc-live-coding\libraries\bullet3-2.87\bin\app_physicsserversharedmemorybridgetcp_vs2010_x64_debug.exp
d:\bsc-live-coding\libraries\bullet3-2.87\build3\vs2010\obj\x64\debug\app_physicsserversharedmemorybridgetcp\sharedmemorycommandprocessor.obj
d:\bsc-live-coding\libraries\bullet3-2.87\build3\vs2010\obj\x64\debug\app_physicsserversharedmemorybridgetcp\win32sharedmemory.obj
d:\bsc-live-coding\libraries\bullet3-2.87\build3\vs2010\obj\x64\debug\app_physicsserversharedmemorybridgetcp\b3clock.obj
d:\bsc-live-coding\libraries\bullet3-2.87\build3\vs2010\obj\x64\debug\app_physicsserversharedmemorybridgetcp\physicsclient.obj
d:\bsc-live-coding\libraries\bullet3-2.87\build3\vs2010\obj\x64\debug\app_physicsserversharedmemorybridgetcp\physicsclientc_api.obj
d:\bsc-live-coding\libraries\bullet3-2.87\build3\vs2010\obj\x64\debug\app_physicsserversharedmemorybridgetcp\posixsharedmemory.obj
d:\bsc-live-coding\libraries\bullet3-2.87\build3\vs2010\obj\x64\debug\app_physicsserversharedmemorybridgetcp\b3resourcepath.obj
d:\bsc-live-coding\libraries\bullet3-2.87\build3\vs2010\obj\x64\debug\app_physicsserversharedmemorybridgetcp\main.obj
d:\bsc-live-coding\libraries\bullet3-2.87\build3\vs2010\obj\x64\debug\app_physicsserversharedmemorybridgetcp\physicsdirect.obj
d:\bsc-live-coding\libraries\bullet3-2.87\bin\app_physicsserversharedmemorybridgetcp_vs2010_x64_debug.pdb
d:\bsc-live-coding\libraries\bullet3-2.87\bin\app_physicsserversharedmemorybridgetcp_vs2010_x64_debug.ilk
d:\bsc-live-coding\libraries\bullet3-2.87\bin\app_physicsserversharedmemorybridgetcp_vs2010_x64_debug.exe
d:\bsc-live-coding\libraries\bullet3-2.87\bin\lnk{f441ced0-9ee3-4031-8e70-47df02dd132e}.tmp
d:\bsc-live-coding\libraries\bullet3-2.87\build3\vs2010\..\..\bin\app_physicsserversharedmemorybridgetcp_vs2010_x64_debug.exe
d:\bsc-live-coding\libraries\bullet3-2.87\build3\vs2010\obj\x64\debug\app_physicsserversharedmemorybridgetcp\app_phys.1678f9f6.tlog\app_physicsserversharedmemorybridgetcp.write.1u.tlog
d:\bsc-live-coding\libraries\bullet3-2.87\build3\vs2010\obj\x64\debug\app_physicsserversharedmemorybridgetcp\app_phys.1678f9f6.tlog\cl.command.1.tlog
d:\bsc-live-coding\libraries\bullet3-2.87\build3\vs2010\obj\x64\debug\app_physicsserversharedmemorybridgetcp\app_phys.1678f9f6.tlog\cl.read.1.tlog
d:\bsc-live-coding\libraries\bullet3-2.87\build3\vs2010\obj\x64\debug\app_physicsserversharedmemorybridgetcp\app_phys.1678f9f6.tlog\cl.write.1.tlog
d:\bsc-live-coding\libraries\bullet3-2.87\build3\vs2010\obj\x64\debug\app_physicsserversharedmemorybridgetcp\app_phys.1678f9f6.tlog\link.command.1.tlog
d:\bsc-live-coding\libraries\bullet3-2.87\build3\vs2010\obj\x64\debug\app_physicsserversharedmemorybridgetcp\app_phys.1678f9f6.tlog\link.delete.1.tlog
d:\bsc-live-coding\libraries\bullet3-2.87\build3\vs2010\obj\x64\debug\app_physicsserversharedmemorybridgetcp\app_phys.1678f9f6.tlog\link.read.1.tlog
d:\bsc-live-coding\libraries\bullet3-2.87\build3\vs2010\obj\x64\debug\app_physicsserversharedmemorybridgetcp\app_phys.1678f9f6.tlog\link.write.1.tlog
