d:\bsc-live-coding\libraries\bullet3-2.87\bin\bullet3opencl_clew_vs2010_x64_debug.pdb
d:\bsc-live-coding\libraries\bullet3-2.87\build3\vs2010\obj\x64\debug\bullet3opencl_clew\clew.obj
d:\bsc-live-coding\libraries\bullet3-2.87\build3\vs2010\obj\x64\debug\bullet3opencl_clew\b3gpugridbroadphase.obj
d:\bsc-live-coding\libraries\bullet3-2.87\build3\vs2010\obj\x64\debug\bullet3opencl_clew\b3convexhullcontact.obj
d:\bsc-live-coding\libraries\bullet3-2.87\build3\vs2010\obj\x64\debug\bullet3opencl_clew\b3prefixscancl.obj
d:\bsc-live-coding\libraries\bullet3-2.87\build3\vs2010\obj\x64\debug\bullet3opencl_clew\b3gpugenericconstraint.obj
d:\bsc-live-coding\libraries\bullet3-2.87\build3\vs2010\obj\x64\debug\bullet3opencl_clew\b3gpupgsconstraintsolver.obj
d:\bsc-live-coding\libraries\bullet3-2.87\build3\vs2010\obj\x64\debug\bullet3opencl_clew\b3gpuparallellinearbvh.obj
d:\bsc-live-coding\libraries\bullet3-2.87\build3\vs2010\obj\x64\debug\bullet3opencl_clew\b3contactcache.obj
d:\bsc-live-coding\libraries\bullet3-2.87\build3\vs2010\obj\x64\debug\bullet3opencl_clew\b3gjkepa.obj
d:\bsc-live-coding\libraries\bullet3-2.87\build3\vs2010\obj\x64\debug\bullet3opencl_clew\b3quantizedbvh.obj
d:\bsc-live-coding\libraries\bullet3-2.87\build3\vs2010\obj\x64\debug\bullet3opencl_clew\b3boundsearchcl.obj
d:\bsc-live-coding\libraries\bullet3-2.87\build3\vs2010\obj\x64\debug\bullet3opencl_clew\b3prefixscanfloat4cl.obj
d:\bsc-live-coding\libraries\bullet3-2.87\build3\vs2010\obj\x64\debug\bullet3opencl_clew\b3gpujacobicontactsolver.obj
d:\bsc-live-coding\libraries\bullet3-2.87\build3\vs2010\obj\x64\debug\bullet3opencl_clew\b3gpurigidbodypipeline.obj
d:\bsc-live-coding\libraries\bullet3-2.87\build3\vs2010\obj\x64\debug\bullet3opencl_clew\b3gpusapbroadphase.obj
d:\bsc-live-coding\libraries\bullet3-2.87\build3\vs2010\obj\x64\debug\bullet3opencl_clew\b3optimizedbvh.obj
d:\bsc-live-coding\libraries\bullet3-2.87\build3\vs2010\obj\x64\debug\bullet3opencl_clew\b3stridingmeshinterface.obj
d:\bsc-live-coding\libraries\bullet3-2.87\build3\vs2010\obj\x64\debug\bullet3opencl_clew\b3triangleindexvertexarray.obj
d:\bsc-live-coding\libraries\bullet3-2.87\build3\vs2010\obj\x64\debug\bullet3opencl_clew\b3launchercl.obj
d:\bsc-live-coding\libraries\bullet3-2.87\build3\vs2010\obj\x64\debug\bullet3opencl_clew\b3gpuraycast.obj
d:\bsc-live-coding\libraries\bullet3-2.87\build3\vs2010\obj\x64\debug\bullet3opencl_clew\b3gpupgscontactsolver.obj
d:\bsc-live-coding\libraries\bullet3-2.87\build3\vs2010\obj\x64\debug\bullet3opencl_clew\b3gpuparallellinearbvhbroadphase.obj
d:\bsc-live-coding\libraries\bullet3-2.87\build3\vs2010\obj\x64\debug\bullet3opencl_clew\b3openclutils.obj
d:\bsc-live-coding\libraries\bullet3-2.87\build3\vs2010\obj\x64\debug\bullet3opencl_clew\b3trianglecallback.obj
d:\bsc-live-coding\libraries\bullet3-2.87\build3\vs2010\obj\x64\debug\bullet3opencl_clew\b3voronoisimplexsolver.obj
d:\bsc-live-coding\libraries\bullet3-2.87\build3\vs2010\obj\x64\debug\bullet3opencl_clew\b3fillcl.obj
d:\bsc-live-coding\libraries\bullet3-2.87\build3\vs2010\obj\x64\debug\bullet3opencl_clew\b3radixsort32cl.obj
d:\bsc-live-coding\libraries\bullet3-2.87\build3\vs2010\obj\x64\debug\bullet3opencl_clew\b3gpunarrowphase.obj
d:\bsc-live-coding\libraries\bullet3-2.87\build3\vs2010\obj\x64\debug\bullet3opencl_clew\b3solver.obj
d:\bsc-live-coding\libraries\bullet3-2.87\bin\bullet3opencl_clew_vs2010_x64_debug.lib
d:\bsc-live-coding\libraries\bullet3-2.87\build3\vs2010\..\..\bin\bullet3opencl_clew_vs2010_x64_debug.lib
d:\bsc-live-coding\libraries\bullet3-2.87\build3\vs2010\obj\x64\debug\bullet3opencl_clew\bullet3o.7e55bfb8.tlog\cl.command.1.tlog
d:\bsc-live-coding\libraries\bullet3-2.87\build3\vs2010\obj\x64\debug\bullet3opencl_clew\bullet3o.7e55bfb8.tlog\cl.read.1.tlog
d:\bsc-live-coding\libraries\bullet3-2.87\build3\vs2010\obj\x64\debug\bullet3opencl_clew\bullet3o.7e55bfb8.tlog\cl.write.1.tlog
d:\bsc-live-coding\libraries\bullet3-2.87\build3\vs2010\obj\x64\debug\bullet3opencl_clew\bullet3o.7e55bfb8.tlog\lib-link.read.1.tlog
d:\bsc-live-coding\libraries\bullet3-2.87\build3\vs2010\obj\x64\debug\bullet3opencl_clew\bullet3o.7e55bfb8.tlog\lib-link.write.1.tlog
d:\bsc-live-coding\libraries\bullet3-2.87\build3\vs2010\obj\x64\debug\bullet3opencl_clew\bullet3o.7e55bfb8.tlog\lib.command.1.tlog
