d:\bsc-live-coding\libraries\bullet3-2.87\build3\vs2010\obj\x64\debug\app_physicsserverudp\iktrajectoryhelper.obj
d:\bsc-live-coding\libraries\bullet3-2.87\build3\vs2010\obj\x64\debug\app_physicsserverudp\physicsclient.obj
d:\bsc-live-coding\libraries\bullet3-2.87\build3\vs2010\obj\x64\debug\app_physicsserverudp\geometry.obj
d:\bsc-live-coding\libraries\bullet3-2.87\build3\vs2010\obj\x64\debug\app_physicsserverudp\model.obj
d:\bsc-live-coding\libraries\bullet3-2.87\build3\vs2010\obj\x64\debug\app_physicsserverudp\tinyrenderer.obj
d:\bsc-live-coding\libraries\bullet3-2.87\build3\vs2010\obj\x64\debug\app_physicsserverudp\urdfparser.obj
d:\bsc-live-coding\libraries\bullet3-2.87\build3\vs2010\obj\x64\debug\app_physicsserverudp\urdf2bullet.obj
d:\bsc-live-coding\libraries\bullet3-2.87\build3\vs2010\obj\x64\debug\app_physicsserverudp\btworldimporter.obj
d:\bsc-live-coding\libraries\bullet3-2.87\build3\vs2010\obj\x64\debug\app_physicsserverudp\tiny_obj_loader.obj
d:\bsc-live-coding\libraries\bullet3-2.87\build3\vs2010\obj\x64\debug\app_physicsserverudp\physicsdirect.obj
d:\bsc-live-coding\libraries\bullet3-2.87\build3\vs2010\obj\x64\debug\app_physicsserverudp\tgaimage.obj
d:\bsc-live-coding\libraries\bullet3-2.87\build3\vs2010\obj\x64\debug\app_physicsserverudp\our_gl.obj
d:\bsc-live-coding\libraries\bullet3-2.87\build3\vs2010\obj\x64\debug\app_physicsserverudp\simplecamera.obj
d:\bsc-live-coding\libraries\bullet3-2.87\build3\vs2010\obj\x64\debug\app_physicsserverudp\mymultibodycreator.obj
d:\bsc-live-coding\libraries\bullet3-2.87\build3\vs2010\obj\x64\debug\app_physicsserverudp\urdfstringsplit.obj
d:\bsc-live-coding\libraries\bullet3-2.87\build3\vs2010\obj\x64\debug\app_physicsserverudp\b3clock.obj
d:\bsc-live-coding\libraries\bullet3-2.87\build3\vs2010\obj\x64\debug\app_physicsserverudp\chrometraceutil.obj
d:\bsc-live-coding\libraries\bullet3-2.87\build3\vs2010\obj\x64\debug\app_physicsserverudp\robotloggingutil.obj
d:\bsc-live-coding\libraries\bullet3-2.87\build3\vs2010\obj\x64\debug\app_physicsserverudp\bfile.obj
d:\bsc-live-coding\libraries\bullet3-2.87\build3\vs2010\obj\x64\debug\app_physicsserverudp\wavefront2glinstancegraphicsshape.obj
d:\bsc-live-coding\libraries\bullet3-2.87\build3\vs2010\obj\x64\debug\app_physicsserverudp\physicsservercommandprocessor.obj
d:\bsc-live-coding\libraries\bullet3-2.87\build3\vs2010\obj\x64\debug\app_physicsserverudp\bulleturdfimporter.obj
d:\bsc-live-coding\libraries\bullet3-2.87\build3\vs2010\obj\x64\debug\app_physicsserverudp\btbulletworldimporter.obj
d:\bsc-live-coding\libraries\bullet3-2.87\build3\vs2010\obj\x64\debug\app_physicsserverudp\loadmeshfromcollada.obj
d:\bsc-live-coding\libraries\bullet3-2.87\build3\vs2010\obj\x64\debug\app_physicsserverudp\stb_image.obj
d:\bsc-live-coding\libraries\bullet3-2.87\build3\vs2010\obj\x64\debug\app_physicsserverudp\main.obj
d:\bsc-live-coding\libraries\bullet3-2.87\build3\vs2010\obj\x64\debug\app_physicsserverudp\b3pluginmanager.obj
d:\bsc-live-coding\libraries\bullet3-2.87\build3\vs2010\obj\x64\debug\app_physicsserverudp\tinyrenderervisualshapeconverter.obj
d:\bsc-live-coding\libraries\bullet3-2.87\build3\vs2010\obj\x64\debug\app_physicsserverudp\bulletmjcfimporter.obj
d:\bsc-live-coding\libraries\bullet3-2.87\build3\vs2010\obj\x64\debug\app_physicsserverudp\b3resourcepath.obj
d:\bsc-live-coding\libraries\bullet3-2.87\build3\vs2010\obj\x64\debug\app_physicsserverudp\bchunk.obj
d:\bsc-live-coding\libraries\bullet3-2.87\build3\vs2010\obj\x64\debug\app_physicsserverudp\bdna.obj
d:\bsc-live-coding\libraries\bullet3-2.87\build3\vs2010\obj\x64\debug\app_physicsserverudp\btbulletfile.obj
d:\bsc-live-coding\libraries\bullet3-2.87\build3\vs2010\obj\x64\debug\app_physicsserverudp\loadmeshfromobj.obj
d:\bsc-live-coding\libraries\bullet3-2.87\build3\vs2010\obj\x64\debug\app_physicsserverudp\tinystr.obj
d:\bsc-live-coding\libraries\bullet3-2.87\build3\vs2010\obj\x64\debug\app_physicsserverudp\tinyxml.obj
d:\bsc-live-coding\libraries\bullet3-2.87\build3\vs2010\obj\x64\debug\app_physicsserverudp\tinyxmlerror.obj
d:\bsc-live-coding\libraries\bullet3-2.87\build3\vs2010\obj\x64\debug\app_physicsserverudp\tinyxmlparser.obj
d:\bsc-live-coding\libraries\bullet3-2.87\build3\vs2010\obj\x64\debug\app_physicsserverudp\b3importmeshutility.obj
d:\bsc-live-coding\libraries\bullet3-2.87\bin\app_physicsserverudp_vs2010_x64_debug.pdb
d:\bsc-live-coding\libraries\bullet3-2.87\bin\app_physicsserverudp_vs2010_x64_debug.ilk
d:\bsc-live-coding\libraries\bullet3-2.87\bin\app_physicsserverudp_vs2010_x64_debug.exe
d:\bsc-live-coding\libraries\bullet3-2.87\bin\lnk{6d54f522-112e-4f36-9020-26c20f889f2c}.tmp
d:\bsc-live-coding\libraries\bullet3-2.87\build3\vs2010\..\..\bin\app_physicsserverudp_vs2010_x64_debug.exe
d:\bsc-live-coding\libraries\bullet3-2.87\build3\vs2010\obj\x64\debug\app_physicsserverudp\app_phys.c2b8c977.tlog\cl.command.1.tlog
d:\bsc-live-coding\libraries\bullet3-2.87\build3\vs2010\obj\x64\debug\app_physicsserverudp\app_phys.c2b8c977.tlog\cl.read.1.tlog
d:\bsc-live-coding\libraries\bullet3-2.87\build3\vs2010\obj\x64\debug\app_physicsserverudp\app_phys.c2b8c977.tlog\cl.write.1.tlog
d:\bsc-live-coding\libraries\bullet3-2.87\build3\vs2010\obj\x64\debug\app_physicsserverudp\app_phys.c2b8c977.tlog\link.command.1.tlog
d:\bsc-live-coding\libraries\bullet3-2.87\build3\vs2010\obj\x64\debug\app_physicsserverudp\app_phys.c2b8c977.tlog\link.delete.1.tlog
d:\bsc-live-coding\libraries\bullet3-2.87\build3\vs2010\obj\x64\debug\app_physicsserverudp\app_phys.c2b8c977.tlog\link.read.1.tlog
d:\bsc-live-coding\libraries\bullet3-2.87\build3\vs2010\obj\x64\debug\app_physicsserverudp\app_phys.c2b8c977.tlog\link.write.1.tlog
