d:\bsc-live-coding\libraries\bullet3-2.87\bin\app_robotsimulator_vs2010_x64_debug.lib
d:\bsc-live-coding\libraries\bullet3-2.87\bin\app_robotsimulator_vs2010_x64_debug.exp
d:\bsc-live-coding\libraries\bullet3-2.87\bin\app_robotsimulator_vs2010_x64_debug.pdb
d:\bsc-live-coding\libraries\bullet3-2.87\build3\vs2010\obj\x64\debug\app_robotsimulator\glew.obj
d:\bsc-live-coding\libraries\bullet3-2.87\build3\vs2010\obj\x64\debug\app_robotsimulator\physicsclienttcp.obj
d:\bsc-live-coding\libraries\bullet3-2.87\build3\vs2010\obj\x64\debug\app_robotsimulator\inprocessexamplebrowser.obj
d:\bsc-live-coding\libraries\bullet3-2.87\build3\vs2010\obj\x64\debug\app_robotsimulator\physicsdirectc_api.obj
d:\bsc-live-coding\libraries\bullet3-2.87\build3\vs2010\obj\x64\debug\app_robotsimulator\physicsservercommandprocessor.obj
d:\bsc-live-coding\libraries\bullet3-2.87\build3\vs2010\obj\x64\debug\app_robotsimulator\our_gl.obj
d:\bsc-live-coding\libraries\bullet3-2.87\build3\vs2010\obj\x64\debug\app_robotsimulator\robotloggingutil.obj
d:\bsc-live-coding\libraries\bullet3-2.87\build3\vs2010\obj\x64\debug\app_robotsimulator\loadmeshfromobj.obj
d:\bsc-live-coding\libraries\bullet3-2.87\build3\vs2010\obj\x64\debug\app_robotsimulator\bulleturdfimporter.obj
d:\bsc-live-coding\libraries\bullet3-2.87\build3\vs2010\obj\x64\debug\app_robotsimulator\b3posixthreadsupport.obj
d:\bsc-live-coding\libraries\bullet3-2.87\build3\vs2010\obj\x64\debug\app_robotsimulator\b3win32threadsupport.obj
d:\bsc-live-coding\libraries\bullet3-2.87\build3\vs2010\obj\x64\debug\app_robotsimulator\physicsclienttcp_c_api.obj
d:\bsc-live-coding\libraries\bullet3-2.87\build3\vs2010\obj\x64\debug\app_robotsimulator\robotsimulatormain.obj
d:\bsc-live-coding\libraries\bullet3-2.87\build3\vs2010\obj\x64\debug\app_robotsimulator\minitaursetup.obj
d:\bsc-live-coding\libraries\bullet3-2.87\build3\vs2010\obj\x64\debug\app_robotsimulator\physicsserverexamplebullet2.obj
d:\bsc-live-coding\libraries\bullet3-2.87\build3\vs2010\obj\x64\debug\app_robotsimulator\physicsserversharedmemory.obj
d:\bsc-live-coding\libraries\bullet3-2.87\build3\vs2010\obj\x64\debug\app_robotsimulator\physicsclientsharedmemory.obj
d:\bsc-live-coding\libraries\bullet3-2.87\build3\vs2010\obj\x64\debug\app_robotsimulator\tinyrenderervisualshapeconverter.obj
d:\bsc-live-coding\libraries\bullet3-2.87\build3\vs2010\obj\x64\debug\app_robotsimulator\tinystr.obj
d:\bsc-live-coding\libraries\bullet3-2.87\build3\vs2010\obj\x64\debug\app_robotsimulator\tinyxml.obj
d:\bsc-live-coding\libraries\bullet3-2.87\build3\vs2010\obj\x64\debug\app_robotsimulator\tinyxmlparser.obj
d:\bsc-live-coding\libraries\bullet3-2.87\build3\vs2010\obj\x64\debug\app_robotsimulator\loadmeshfromcollada.obj
d:\bsc-live-coding\libraries\bullet3-2.87\build3\vs2010\obj\x64\debug\app_robotsimulator\bulletmjcfimporter.obj
d:\bsc-live-coding\libraries\bullet3-2.87\build3\vs2010\obj\x64\debug\app_robotsimulator\urdfstringsplit.obj
d:\bsc-live-coding\libraries\bullet3-2.87\build3\vs2010\obj\x64\debug\app_robotsimulator\stb_image.obj
d:\bsc-live-coding\libraries\bullet3-2.87\build3\vs2010\obj\x64\debug\app_robotsimulator\physicsclientudp.obj
d:\bsc-live-coding\libraries\bullet3-2.87\build3\vs2010\obj\x64\debug\app_robotsimulator\iktrajectoryhelper.obj
d:\bsc-live-coding\libraries\bullet3-2.87\build3\vs2010\obj\x64\debug\app_robotsimulator\sharedmemoryinprocessphysicsc_api.obj
d:\bsc-live-coding\libraries\bullet3-2.87\build3\vs2010\obj\x64\debug\app_robotsimulator\physicsdirect.obj
d:\bsc-live-coding\libraries\bullet3-2.87\build3\vs2010\obj\x64\debug\app_robotsimulator\b3pluginmanager.obj
d:\bsc-live-coding\libraries\bullet3-2.87\build3\vs2010\obj\x64\debug\app_robotsimulator\posixsharedmemory.obj
d:\bsc-live-coding\libraries\bullet3-2.87\build3\vs2010\obj\x64\debug\app_robotsimulator\geometry.obj
d:\bsc-live-coding\libraries\bullet3-2.87\build3\vs2010\obj\x64\debug\app_robotsimulator\model.obj
d:\bsc-live-coding\libraries\bullet3-2.87\build3\vs2010\obj\x64\debug\app_robotsimulator\b3resourcepath.obj
d:\bsc-live-coding\libraries\bullet3-2.87\build3\vs2010\obj\x64\debug\app_robotsimulator\wavefront2glinstancegraphicsshape.obj
d:\bsc-live-coding\libraries\bullet3-2.87\build3\vs2010\obj\x64\debug\app_robotsimulator\urdf2bullet.obj
d:\bsc-live-coding\libraries\bullet3-2.87\build3\vs2010\obj\x64\debug\app_robotsimulator\b3threadsupportinterface.obj
d:\bsc-live-coding\libraries\bullet3-2.87\build3\vs2010\obj\x64\debug\app_robotsimulator\b3importmeshutility.obj
d:\bsc-live-coding\libraries\bullet3-2.87\build3\vs2010\obj\x64\debug\app_robotsimulator\physicsclientudp_c_api.obj
d:\bsc-live-coding\libraries\bullet3-2.87\build3\vs2010\obj\x64\debug\app_robotsimulator\b3robotsimulatorclientapi.obj
d:\bsc-live-coding\libraries\bullet3-2.87\build3\vs2010\obj\x64\debug\app_robotsimulator\inprocessmemory.obj
d:\bsc-live-coding\libraries\bullet3-2.87\build3\vs2010\obj\x64\debug\app_robotsimulator\physicsclient.obj
d:\bsc-live-coding\libraries\bullet3-2.87\build3\vs2010\obj\x64\debug\app_robotsimulator\physicsserver.obj
d:\bsc-live-coding\libraries\bullet3-2.87\build3\vs2010\obj\x64\debug\app_robotsimulator\physicsserverexample.obj
d:\bsc-live-coding\libraries\bullet3-2.87\build3\vs2010\obj\x64\debug\app_robotsimulator\physicsclientsharedmemory_c_api.obj
d:\bsc-live-coding\libraries\bullet3-2.87\build3\vs2010\obj\x64\debug\app_robotsimulator\physicsclientc_api.obj
d:\bsc-live-coding\libraries\bullet3-2.87\build3\vs2010\obj\x64\debug\app_robotsimulator\win32sharedmemory.obj
d:\bsc-live-coding\libraries\bullet3-2.87\build3\vs2010\obj\x64\debug\app_robotsimulator\tgaimage.obj
d:\bsc-live-coding\libraries\bullet3-2.87\build3\vs2010\obj\x64\debug\app_robotsimulator\tinyrenderer.obj
d:\bsc-live-coding\libraries\bullet3-2.87\build3\vs2010\obj\x64\debug\app_robotsimulator\tinyxmlerror.obj
d:\bsc-live-coding\libraries\bullet3-2.87\build3\vs2010\obj\x64\debug\app_robotsimulator\tiny_obj_loader.obj
d:\bsc-live-coding\libraries\bullet3-2.87\build3\vs2010\obj\x64\debug\app_robotsimulator\mymultibodycreator.obj
d:\bsc-live-coding\libraries\bullet3-2.87\build3\vs2010\obj\x64\debug\app_robotsimulator\urdfparser.obj
d:\bsc-live-coding\libraries\bullet3-2.87\bin\app_robotsimulator_vs2010_x64_debug.ilk
d:\bsc-live-coding\libraries\bullet3-2.87\bin\app_robotsimulator_vs2010_x64_debug.exe
d:\bsc-live-coding\libraries\bullet3-2.87\bin\lnk{4edb4c10-8a6d-4eb5-a8d0-6e5609318a7b}.tmp
d:\bsc-live-coding\libraries\bullet3-2.87\build3\vs2010\..\..\bin\app_robotsimulator_vs2010_x64_debug.exe
d:\bsc-live-coding\libraries\bullet3-2.87\build3\vs2010\obj\x64\debug\app_robotsimulator\app_robo.cb0f7ae3.tlog\app_robotsimulator.write.1u.tlog
d:\bsc-live-coding\libraries\bullet3-2.87\build3\vs2010\obj\x64\debug\app_robotsimulator\app_robo.cb0f7ae3.tlog\cl.command.1.tlog
d:\bsc-live-coding\libraries\bullet3-2.87\build3\vs2010\obj\x64\debug\app_robotsimulator\app_robo.cb0f7ae3.tlog\cl.read.1.tlog
d:\bsc-live-coding\libraries\bullet3-2.87\build3\vs2010\obj\x64\debug\app_robotsimulator\app_robo.cb0f7ae3.tlog\cl.write.1.tlog
d:\bsc-live-coding\libraries\bullet3-2.87\build3\vs2010\obj\x64\debug\app_robotsimulator\app_robo.cb0f7ae3.tlog\link.command.1.tlog
d:\bsc-live-coding\libraries\bullet3-2.87\build3\vs2010\obj\x64\debug\app_robotsimulator\app_robo.cb0f7ae3.tlog\link.delete.1.tlog
d:\bsc-live-coding\libraries\bullet3-2.87\build3\vs2010\obj\x64\debug\app_robotsimulator\app_robo.cb0f7ae3.tlog\link.read.1.tlog
d:\bsc-live-coding\libraries\bullet3-2.87\build3\vs2010\obj\x64\debug\app_robotsimulator\app_robo.cb0f7ae3.tlog\link.write.1.tlog
