d:\bsc-live-coding\libraries\bullet3-2.87\build3\vs2010\obj\x64\debug\pybullet\glew.obj
d:\bsc-live-coding\libraries\bullet3-2.87\build3\vs2010\obj\x64\debug\pybullet\pybullet.obj
d:\bsc-live-coding\libraries\bullet3-2.87\bin\pybullet_vs2010_x64_debug.pdb
d:\bsc-live-coding\libraries\bullet3-2.87\build3\vs2010\obj\x64\debug\pybullet\physicsclienttcp_c_api.obj
d:\bsc-live-coding\libraries\bullet3-2.87\build3\vs2010\obj\x64\debug\pybullet\inprocessexamplebrowser.obj
d:\bsc-live-coding\libraries\bullet3-2.87\build3\vs2010\obj\x64\debug\pybullet\geometry.obj
d:\bsc-live-coding\libraries\bullet3-2.87\build3\vs2010\obj\x64\debug\pybullet\tgaimage.obj
d:\bsc-live-coding\libraries\bullet3-2.87\build3\vs2010\obj\x64\debug\pybullet\tinyrenderer.obj
d:\bsc-live-coding\libraries\bullet3-2.87\build3\vs2010\obj\x64\debug\pybullet\physicsdirect.obj
d:\bsc-live-coding\libraries\bullet3-2.87\build3\vs2010\obj\x64\debug\pybullet\physicsclientsharedmemory.obj
d:\bsc-live-coding\libraries\bullet3-2.87\build3\vs2010\obj\x64\debug\pybullet\win32sharedmemory.obj
d:\bsc-live-coding\libraries\bullet3-2.87\build3\vs2010\obj\x64\debug\pybullet\tinystr.obj
d:\bsc-live-coding\libraries\bullet3-2.87\build3\vs2010\obj\x64\debug\pybullet\tinyxml.obj
d:\bsc-live-coding\libraries\bullet3-2.87\build3\vs2010\obj\x64\debug\pybullet\tinyxmlerror.obj
d:\bsc-live-coding\libraries\bullet3-2.87\build3\vs2010\obj\x64\debug\pybullet\tiny_obj_loader.obj
d:\bsc-live-coding\libraries\bullet3-2.87\build3\vs2010\obj\x64\debug\pybullet\mymultibodycreator.obj
d:\bsc-live-coding\libraries\bullet3-2.87\build3\vs2010\obj\x64\debug\pybullet\urdfparser.obj
d:\bsc-live-coding\libraries\bullet3-2.87\build3\vs2010\obj\x64\debug\pybullet\physicsclientudp_c_api.obj
d:\bsc-live-coding\libraries\bullet3-2.87\build3\vs2010\obj\x64\debug\pybullet\iktrajectoryhelper.obj
d:\bsc-live-coding\libraries\bullet3-2.87\build3\vs2010\obj\x64\debug\pybullet\tinyrenderervisualshapeconverter.obj
d:\bsc-live-coding\libraries\bullet3-2.87\build3\vs2010\obj\x64\debug\pybullet\physicsdirectc_api.obj
d:\bsc-live-coding\libraries\bullet3-2.87\build3\vs2010\obj\x64\debug\pybullet\physicsservercommandprocessor.obj
d:\bsc-live-coding\libraries\bullet3-2.87\build3\vs2010\obj\x64\debug\pybullet\wavefront2glinstancegraphicsshape.obj
d:\bsc-live-coding\libraries\bullet3-2.87\build3\vs2010\obj\x64\debug\pybullet\urdf2bullet.obj
d:\bsc-live-coding\libraries\bullet3-2.87\build3\vs2010\obj\x64\debug\pybullet\b3posixthreadsupport.obj
d:\bsc-live-coding\libraries\bullet3-2.87\build3\vs2010\obj\x64\debug\pybullet\b3win32threadsupport.obj
d:\bsc-live-coding\libraries\bullet3-2.87\build3\vs2010\obj\x64\debug\pybullet\physicsclienttcp.obj
d:\bsc-live-coding\libraries\bullet3-2.87\build3\vs2010\obj\x64\debug\pybullet\model.obj
d:\bsc-live-coding\libraries\bullet3-2.87\build3\vs2010\obj\x64\debug\pybullet\physicsserverexample.obj
d:\bsc-live-coding\libraries\bullet3-2.87\build3\vs2010\obj\x64\debug\pybullet\physicsclientsharedmemory_c_api.obj
d:\bsc-live-coding\libraries\bullet3-2.87\build3\vs2010\obj\x64\debug\pybullet\physicsclientc_api.obj
d:\bsc-live-coding\libraries\bullet3-2.87\build3\vs2010\obj\x64\debug\pybullet\b3resourcepath.obj
d:\bsc-live-coding\libraries\bullet3-2.87\build3\vs2010\obj\x64\debug\pybullet\stb_image.obj
d:\bsc-live-coding\libraries\bullet3-2.87\build3\vs2010\obj\x64\debug\pybullet\loadmeshfromobj.obj
d:\bsc-live-coding\libraries\bullet3-2.87\build3\vs2010\obj\x64\debug\pybullet\bulleturdfimporter.obj
d:\bsc-live-coding\libraries\bullet3-2.87\build3\vs2010\obj\x64\debug\pybullet\b3importmeshutility.obj
d:\bsc-live-coding\libraries\bullet3-2.87\build3\vs2010\obj\x64\debug\pybullet\physicsclientudp.obj
d:\bsc-live-coding\libraries\bullet3-2.87\build3\vs2010\obj\x64\debug\pybullet\simplecamera.obj
d:\bsc-live-coding\libraries\bullet3-2.87\build3\vs2010\obj\x64\debug\pybullet\our_gl.obj
d:\bsc-live-coding\libraries\bullet3-2.87\build3\vs2010\obj\x64\debug\pybullet\inprocessmemory.obj
d:\bsc-live-coding\libraries\bullet3-2.87\build3\vs2010\obj\x64\debug\pybullet\physicsclient.obj
d:\bsc-live-coding\libraries\bullet3-2.87\build3\vs2010\obj\x64\debug\pybullet\physicsserver.obj
d:\bsc-live-coding\libraries\bullet3-2.87\build3\vs2010\obj\x64\debug\pybullet\physicsserverexamplebullet2.obj
d:\bsc-live-coding\libraries\bullet3-2.87\build3\vs2010\obj\x64\debug\pybullet\sharedmemoryinprocessphysicsc_api.obj
d:\bsc-live-coding\libraries\bullet3-2.87\build3\vs2010\obj\x64\debug\pybullet\physicsserversharedmemory.obj
d:\bsc-live-coding\libraries\bullet3-2.87\build3\vs2010\obj\x64\debug\pybullet\b3pluginmanager.obj
d:\bsc-live-coding\libraries\bullet3-2.87\build3\vs2010\obj\x64\debug\pybullet\posixsharedmemory.obj
d:\bsc-live-coding\libraries\bullet3-2.87\build3\vs2010\obj\x64\debug\pybullet\robotloggingutil.obj
d:\bsc-live-coding\libraries\bullet3-2.87\build3\vs2010\obj\x64\debug\pybullet\tinyxmlparser.obj
d:\bsc-live-coding\libraries\bullet3-2.87\build3\vs2010\obj\x64\debug\pybullet\loadmeshfromcollada.obj
d:\bsc-live-coding\libraries\bullet3-2.87\build3\vs2010\obj\x64\debug\pybullet\bulletmjcfimporter.obj
d:\bsc-live-coding\libraries\bullet3-2.87\build3\vs2010\obj\x64\debug\pybullet\urdfstringsplit.obj
d:\bsc-live-coding\libraries\bullet3-2.87\build3\vs2010\obj\x64\debug\pybullet\b3threadsupportinterface.obj
d:\bsc-live-coding\libraries\bullet3-2.87\build3\vs2010\obj\x64\debug\pybullet\pybullet.tlog\cl.command.1.tlog
d:\bsc-live-coding\libraries\bullet3-2.87\build3\vs2010\obj\x64\debug\pybullet\pybullet.tlog\cl.read.1.tlog
d:\bsc-live-coding\libraries\bullet3-2.87\build3\vs2010\obj\x64\debug\pybullet\pybullet.tlog\cl.write.1.tlog
d:\bsc-live-coding\libraries\bullet3-2.87\build3\vs2010\obj\x64\debug\pybullet\pybullet.tlog\link.command.1.tlog
d:\bsc-live-coding\libraries\bullet3-2.87\build3\vs2010\obj\x64\debug\pybullet\pybullet.tlog\link.read.1.tlog
d:\bsc-live-coding\libraries\bullet3-2.87\build3\vs2010\obj\x64\debug\pybullet\pybullet.tlog\link.write.1.tlog
