d:\bsc-live-coding\libraries\bullet3-2.87\bin\app_physicsserver_sharedmemory_gui_vs2010_x64_debug.lib
d:\bsc-live-coding\libraries\bullet3-2.87\bin\app_physicsserver_sharedmemory_gui_vs2010_x64_debug.exp
d:\bsc-live-coding\libraries\bullet3-2.87\bin\app_physicsserver_sharedmemory_gui_vs2010_x64_debug.pdb
d:\bsc-live-coding\libraries\bullet3-2.87\build3\vs2010\obj\x64\debug\app_physicsserver_sharedmemory_gui\glew.obj
d:\bsc-live-coding\libraries\bullet3-2.87\build3\vs2010\obj\x64\debug\app_physicsserver_sharedmemory_gui\physicsclientsharedmemory.obj
d:\bsc-live-coding\libraries\bullet3-2.87\build3\vs2010\obj\x64\debug\app_physicsserver_sharedmemory_gui\physicsserversharedmemory.obj
d:\bsc-live-coding\libraries\bullet3-2.87\build3\vs2010\obj\x64\debug\app_physicsserver_sharedmemory_gui\physicsclientsharedmemory_c_api.obj
d:\bsc-live-coding\libraries\bullet3-2.87\build3\vs2010\obj\x64\debug\app_physicsserver_sharedmemory_gui\physicsclientsharedmemory2.obj
d:\bsc-live-coding\libraries\bullet3-2.87\build3\vs2010\obj\x64\debug\app_physicsserver_sharedmemory_gui\physicsservercommandprocessor.obj
d:\bsc-live-coding\libraries\bullet3-2.87\build3\vs2010\obj\x64\debug\app_physicsserver_sharedmemory_gui\urdfstringsplit.obj
d:\bsc-live-coding\libraries\bullet3-2.87\build3\vs2010\obj\x64\debug\app_physicsserver_sharedmemory_gui\b3resourcepath.obj
d:\bsc-live-coding\libraries\bullet3-2.87\build3\vs2010\obj\x64\debug\app_physicsserver_sharedmemory_gui\robotloggingutil.obj
d:\bsc-live-coding\libraries\bullet3-2.87\build3\vs2010\obj\x64\debug\app_physicsserver_sharedmemory_gui\bchunk.obj
d:\bsc-live-coding\libraries\bullet3-2.87\build3\vs2010\obj\x64\debug\app_physicsserver_sharedmemory_gui\bfile.obj
d:\bsc-live-coding\libraries\bullet3-2.87\build3\vs2010\obj\x64\debug\app_physicsserver_sharedmemory_gui\wavefront2glinstancegraphicsshape.obj
d:\bsc-live-coding\libraries\bullet3-2.87\build3\vs2010\obj\x64\debug\app_physicsserver_sharedmemory_gui\collisionshape2trianglemesh.obj
d:\bsc-live-coding\libraries\bullet3-2.87\build3\vs2010\obj\x64\debug\app_physicsserver_sharedmemory_gui\rtmidi.obj
d:\bsc-live-coding\libraries\bullet3-2.87\build3\vs2010\obj\x64\debug\app_physicsserver_sharedmemory_gui\physicsserverexamplebullet2.obj
d:\bsc-live-coding\libraries\bullet3-2.87\build3\vs2010\obj\x64\debug\app_physicsserver_sharedmemory_gui\physicsserver.obj
d:\bsc-live-coding\libraries\bullet3-2.87\build3\vs2010\obj\x64\debug\app_physicsserver_sharedmemory_gui\physicsclientc_api.obj
d:\bsc-live-coding\libraries\bullet3-2.87\build3\vs2010\obj\x64\debug\app_physicsserver_sharedmemory_gui\posixsharedmemory.obj
d:\bsc-live-coding\libraries\bullet3-2.87\build3\vs2010\obj\x64\debug\app_physicsserver_sharedmemory_gui\inprocessmemory.obj
d:\bsc-live-coding\libraries\bullet3-2.87\build3\vs2010\obj\x64\debug\app_physicsserver_sharedmemory_gui\physicsdirect.obj
d:\bsc-live-coding\libraries\bullet3-2.87\build3\vs2010\obj\x64\debug\app_physicsserver_sharedmemory_gui\geometry.obj
d:\bsc-live-coding\libraries\bullet3-2.87\build3\vs2010\obj\x64\debug\app_physicsserver_sharedmemory_gui\model.obj
d:\bsc-live-coding\libraries\bullet3-2.87\build3\vs2010\obj\x64\debug\app_physicsserver_sharedmemory_gui\tinyrenderer.obj
d:\bsc-live-coding\libraries\bullet3-2.87\build3\vs2010\obj\x64\debug\app_physicsserver_sharedmemory_gui\urdfparser.obj
d:\bsc-live-coding\libraries\bullet3-2.87\build3\vs2010\obj\x64\debug\app_physicsserver_sharedmemory_gui\bulletmjcfimporter.obj
d:\bsc-live-coding\libraries\bullet3-2.87\build3\vs2010\obj\x64\debug\app_physicsserver_sharedmemory_gui\bdna.obj
d:\bsc-live-coding\libraries\bullet3-2.87\build3\vs2010\obj\x64\debug\app_physicsserver_sharedmemory_gui\btbulletfile.obj
d:\bsc-live-coding\libraries\bullet3-2.87\build3\vs2010\obj\x64\debug\app_physicsserver_sharedmemory_gui\tiny_obj_loader.obj
d:\bsc-live-coding\libraries\bullet3-2.87\build3\vs2010\obj\x64\debug\app_physicsserver_sharedmemory_gui\openglguihelper.obj
d:\bsc-live-coding\libraries\bullet3-2.87\build3\vs2010\obj\x64\debug\app_physicsserver_sharedmemory_gui\iktrajectoryhelper.obj
d:\bsc-live-coding\libraries\bullet3-2.87\build3\vs2010\obj\x64\debug\app_physicsserver_sharedmemory_gui\physicsserverexample.obj
d:\bsc-live-coding\libraries\bullet3-2.87\build3\vs2010\obj\x64\debug\app_physicsserver_sharedmemory_gui\tinyrenderervisualshapeconverter.obj
d:\bsc-live-coding\libraries\bullet3-2.87\build3\vs2010\obj\x64\debug\app_physicsserver_sharedmemory_gui\bulleturdfimporter.obj
d:\bsc-live-coding\libraries\bullet3-2.87\build3\vs2010\obj\x64\debug\app_physicsserver_sharedmemory_gui\b3clock.obj
d:\bsc-live-coding\libraries\bullet3-2.87\build3\vs2010\obj\x64\debug\app_physicsserver_sharedmemory_gui\btbulletworldimporter.obj
d:\bsc-live-coding\libraries\bullet3-2.87\build3\vs2010\obj\x64\debug\app_physicsserver_sharedmemory_gui\loadmeshfromobj.obj
d:\bsc-live-coding\libraries\bullet3-2.87\build3\vs2010\obj\x64\debug\app_physicsserver_sharedmemory_gui\tinystr.obj
d:\bsc-live-coding\libraries\bullet3-2.87\build3\vs2010\obj\x64\debug\app_physicsserver_sharedmemory_gui\tinyxmlerror.obj
d:\bsc-live-coding\libraries\bullet3-2.87\build3\vs2010\obj\x64\debug\app_physicsserver_sharedmemory_gui\b3importmeshutility.obj
d:\bsc-live-coding\libraries\bullet3-2.87\build3\vs2010\obj\x64\debug\app_physicsserver_sharedmemory_gui\b3threadsupportinterface.obj
d:\bsc-live-coding\libraries\bullet3-2.87\build3\vs2010\obj\x64\debug\app_physicsserver_sharedmemory_gui\b3win32threadsupport.obj
d:\bsc-live-coding\libraries\bullet3-2.87\build3\vs2010\obj\x64\debug\app_physicsserver_sharedmemory_gui\physicsclient.obj
d:\bsc-live-coding\libraries\bullet3-2.87\build3\vs2010\obj\x64\debug\app_physicsserver_sharedmemory_gui\physicsclientexample.obj
d:\bsc-live-coding\libraries\bullet3-2.87\build3\vs2010\obj\x64\debug\app_physicsserver_sharedmemory_gui\win32sharedmemory.obj
d:\bsc-live-coding\libraries\bullet3-2.87\build3\vs2010\obj\x64\debug\app_physicsserver_sharedmemory_gui\physicsdirectc_api.obj
d:\bsc-live-coding\libraries\bullet3-2.87\build3\vs2010\obj\x64\debug\app_physicsserver_sharedmemory_gui\physicsloopback.obj
d:\bsc-live-coding\libraries\bullet3-2.87\build3\vs2010\obj\x64\debug\app_physicsserver_sharedmemory_gui\physicsloopbackc_api.obj
d:\bsc-live-coding\libraries\bullet3-2.87\build3\vs2010\obj\x64\debug\app_physicsserver_sharedmemory_gui\physicsclientsharedmemory2_c_api.obj
d:\bsc-live-coding\libraries\bullet3-2.87\build3\vs2010\obj\x64\debug\app_physicsserver_sharedmemory_gui\sharedmemorycommandprocessor.obj
d:\bsc-live-coding\libraries\bullet3-2.87\build3\vs2010\obj\x64\debug\app_physicsserver_sharedmemory_gui\b3pluginmanager.obj
d:\bsc-live-coding\libraries\bullet3-2.87\build3\vs2010\obj\x64\debug\app_physicsserver_sharedmemory_gui\tgaimage.obj
d:\bsc-live-coding\libraries\bullet3-2.87\build3\vs2010\obj\x64\debug\app_physicsserver_sharedmemory_gui\our_gl.obj
d:\bsc-live-coding\libraries\bullet3-2.87\build3\vs2010\obj\x64\debug\app_physicsserver_sharedmemory_gui\simplecamera.obj
d:\bsc-live-coding\libraries\bullet3-2.87\build3\vs2010\obj\x64\debug\app_physicsserver_sharedmemory_gui\mymultibodycreator.obj
d:\bsc-live-coding\libraries\bullet3-2.87\build3\vs2010\obj\x64\debug\app_physicsserver_sharedmemory_gui\urdf2bullet.obj
d:\bsc-live-coding\libraries\bullet3-2.87\build3\vs2010\obj\x64\debug\app_physicsserver_sharedmemory_gui\chrometraceutil.obj
d:\bsc-live-coding\libraries\bullet3-2.87\build3\vs2010\obj\x64\debug\app_physicsserver_sharedmemory_gui\btworldimporter.obj
d:\bsc-live-coding\libraries\bullet3-2.87\build3\vs2010\obj\x64\debug\app_physicsserver_sharedmemory_gui\loadmeshfromcollada.obj
d:\bsc-live-coding\libraries\bullet3-2.87\build3\vs2010\obj\x64\debug\app_physicsserver_sharedmemory_gui\tinyxml.obj
d:\bsc-live-coding\libraries\bullet3-2.87\build3\vs2010\obj\x64\debug\app_physicsserver_sharedmemory_gui\tinyxmlparser.obj
d:\bsc-live-coding\libraries\bullet3-2.87\build3\vs2010\obj\x64\debug\app_physicsserver_sharedmemory_gui\stb_image.obj
d:\bsc-live-coding\libraries\bullet3-2.87\build3\vs2010\obj\x64\debug\app_physicsserver_sharedmemory_gui\main_opengl_single_example.obj
d:\bsc-live-coding\libraries\bullet3-2.87\build3\vs2010\obj\x64\debug\app_physicsserver_sharedmemory_gui\gl_shapedrawer.obj
d:\bsc-live-coding\libraries\bullet3-2.87\bin\app_physicsserver_sharedmemory_gui_vs2010_x64_debug.ilk
d:\bsc-live-coding\libraries\bullet3-2.87\bin\app_physicsserver_sharedmemory_gui_vs2010_x64_debug.exe
d:\bsc-live-coding\libraries\bullet3-2.87\bin\lnk{bd285197-d9eb-4432-9aed-d36ad46ff5bd}.tmp
d:\bsc-live-coding\libraries\bullet3-2.87\build3\vs2010\..\..\bin\app_physicsserver_sharedmemory_gui_vs2010_x64_debug.exe
d:\bsc-live-coding\libraries\bullet3-2.87\build3\vs2010\obj\x64\debug\app_physicsserver_sharedmemory_gui\app_phys.63539f33.tlog\app_physicsserver_sharedmemory_gui.write.1u.tlog
d:\bsc-live-coding\libraries\bullet3-2.87\build3\vs2010\obj\x64\debug\app_physicsserver_sharedmemory_gui\app_phys.63539f33.tlog\cl.command.1.tlog
d:\bsc-live-coding\libraries\bullet3-2.87\build3\vs2010\obj\x64\debug\app_physicsserver_sharedmemory_gui\app_phys.63539f33.tlog\cl.read.1.tlog
d:\bsc-live-coding\libraries\bullet3-2.87\build3\vs2010\obj\x64\debug\app_physicsserver_sharedmemory_gui\app_phys.63539f33.tlog\cl.write.1.tlog
d:\bsc-live-coding\libraries\bullet3-2.87\build3\vs2010\obj\x64\debug\app_physicsserver_sharedmemory_gui\app_phys.63539f33.tlog\link.command.1.tlog
d:\bsc-live-coding\libraries\bullet3-2.87\build3\vs2010\obj\x64\debug\app_physicsserver_sharedmemory_gui\app_phys.63539f33.tlog\link.delete.1.tlog
d:\bsc-live-coding\libraries\bullet3-2.87\build3\vs2010\obj\x64\debug\app_physicsserver_sharedmemory_gui\app_phys.63539f33.tlog\link.read.1.tlog
d:\bsc-live-coding\libraries\bullet3-2.87\build3\vs2010\obj\x64\debug\app_physicsserver_sharedmemory_gui\app_phys.63539f33.tlog\link.write.1.tlog
