d:\bsc-live-coding\libraries\bullet3-2.87\build3\vs2010\obj\x64\debug\bulletexamplebrowserlib\clew.obj
d:\bsc-live-coding\libraries\bullet3-2.87\build3\vs2010\obj\x64\debug\bulletexamplebrowserlib\glew.obj
d:\bsc-live-coding\libraries\bullet3-2.87\bin\bulletexamplebrowserlib_vs2010_x64_debug.pdb
d:\bsc-live-coding\libraries\bullet3-2.87\build3\vs2010\obj\x64\debug\bulletexamplebrowserlib\b3clock.obj
d:\bsc-live-coding\libraries\bullet3-2.87\build3\vs2010\obj\x64\debug\bulletexamplebrowserlib\graphingtexture.obj
d:\bsc-live-coding\libraries\bullet3-2.87\build3\vs2010\obj\x64\debug\bulletexamplebrowserlib\gwenprofilewindow.obj
d:\bsc-live-coding\libraries\bullet3-2.87\build3\vs2010\obj\x64\debug\bulletexamplebrowserlib\collisionshape2trianglemesh.obj
d:\bsc-live-coding\libraries\bullet3-2.87\build3\vs2010\obj\x64\debug\bulletexamplebrowserlib\gl_shapedrawer.obj
d:\bsc-live-coding\libraries\bullet3-2.87\build3\vs2010\obj\x64\debug\bulletexamplebrowserlib\chrometraceutil.obj
d:\bsc-live-coding\libraries\bullet3-2.87\build3\vs2010\obj\x64\debug\bulletexamplebrowserlib\gwenparameterinterface.obj
d:\bsc-live-coding\libraries\bullet3-2.87\build3\vs2010\obj\x64\debug\bulletexamplebrowserlib\gwenuserinterface.obj
d:\bsc-live-coding\libraries\bullet3-2.87\build3\vs2010\obj\x64\debug\bulletexamplebrowserlib\openglguihelper.obj
d:\bsc-live-coding\libraries\bullet3-2.87\build3\vs2010\obj\x64\debug\bulletexamplebrowserlib\gwentexturewindow.obj
d:\bsc-live-coding\libraries\bullet3-2.87\build3\vs2010\obj\x64\debug\bulletexamplebrowserlib\inprocessexamplebrowser.obj
d:\bsc-live-coding\libraries\bullet3-2.87\build3\vs2010\obj\x64\debug\bulletexamplebrowserlib\openglexamplebrowser.obj
d:\bsc-live-coding\libraries\bullet3-2.87\build3\vs2010\obj\x64\debug\bulletexamplebrowserlib\b3resourcepath.obj
d:\bsc-live-coding\libraries\bullet3-2.87\bin\bulletexamplebrowserlib_vs2010_x64_debug.lib
d:\bsc-live-coding\libraries\bullet3-2.87\build3\vs2010\..\..\bin\bulletexamplebrowserlib_vs2010_x64_debug.lib
d:\bsc-live-coding\libraries\bullet3-2.87\build3\vs2010\obj\x64\debug\bulletexamplebrowserlib\bulletex.c6bb1991.tlog\cl.command.1.tlog
d:\bsc-live-coding\libraries\bullet3-2.87\build3\vs2010\obj\x64\debug\bulletexamplebrowserlib\bulletex.c6bb1991.tlog\cl.read.1.tlog
d:\bsc-live-coding\libraries\bullet3-2.87\build3\vs2010\obj\x64\debug\bulletexamplebrowserlib\bulletex.c6bb1991.tlog\cl.write.1.tlog
d:\bsc-live-coding\libraries\bullet3-2.87\build3\vs2010\obj\x64\debug\bulletexamplebrowserlib\bulletex.c6bb1991.tlog\lib-link.read.1.tlog
d:\bsc-live-coding\libraries\bullet3-2.87\build3\vs2010\obj\x64\debug\bulletexamplebrowserlib\bulletex.c6bb1991.tlog\lib-link.write.1.tlog
d:\bsc-live-coding\libraries\bullet3-2.87\build3\vs2010\obj\x64\debug\bulletexamplebrowserlib\bulletex.c6bb1991.tlog\lib.command.1.tlog
