d:\bsc-live-coding\libraries\bullet3-2.87\build3\vs2010\obj\x64\debug\bulletinversedynamicsutils\coilcreator.obj
d:\bsc-live-coding\libraries\bullet3-2.87\build3\vs2010\obj\x64\debug\bulletinversedynamicsutils\invdyn_bullet_comparison.obj
d:\bsc-live-coding\libraries\bullet3-2.87\build3\vs2010\obj\x64\debug\bulletinversedynamicsutils\btmultibodytreecreator.obj
d:\bsc-live-coding\libraries\bullet3-2.87\build3\vs2010\obj\x64\debug\bulletinversedynamicsutils\multibodytreecreator.obj
d:\bsc-live-coding\libraries\bullet3-2.87\build3\vs2010\obj\x64\debug\bulletinversedynamicsutils\randomtreecreator.obj
d:\bsc-live-coding\libraries\bullet3-2.87\build3\vs2010\obj\x64\debug\bulletinversedynamicsutils\dillcreator.obj
d:\bsc-live-coding\libraries\bullet3-2.87\build3\vs2010\obj\x64\debug\bulletinversedynamicsutils\multibodynamemap.obj
d:\bsc-live-coding\libraries\bullet3-2.87\build3\vs2010\obj\x64\debug\bulletinversedynamicsutils\simpletreecreator.obj
d:\bsc-live-coding\libraries\bullet3-2.87\build3\vs2010\obj\x64\debug\bulletinversedynamicsutils\clonetreecreator.obj
d:\bsc-live-coding\libraries\bullet3-2.87\build3\vs2010\obj\x64\debug\bulletinversedynamicsutils\idrandomutil.obj
d:\bsc-live-coding\libraries\bullet3-2.87\build3\vs2010\obj\x64\debug\bulletinversedynamicsutils\multibodytreedebuggraph.obj
d:\bsc-live-coding\libraries\bullet3-2.87\build3\vs2010\obj\x64\debug\bulletinversedynamicsutils\user2internalindex.obj
d:\bsc-live-coding\libraries\bullet3-2.87\bin\bulletinversedynamicsutils_vs2010_x64_debug.pdb
d:\bsc-live-coding\libraries\bullet3-2.87\bin\bulletinversedynamicsutils_vs2010_x64_debug.lib
d:\bsc-live-coding\libraries\bullet3-2.87\build3\vs2010\..\..\bin\bulletinversedynamicsutils_vs2010_x64_debug.lib
d:\bsc-live-coding\libraries\bullet3-2.87\build3\vs2010\obj\x64\debug\bulletinversedynamicsutils\bulletin.0f6d6bba.tlog\cl.command.1.tlog
d:\bsc-live-coding\libraries\bullet3-2.87\build3\vs2010\obj\x64\debug\bulletinversedynamicsutils\bulletin.0f6d6bba.tlog\cl.read.1.tlog
d:\bsc-live-coding\libraries\bullet3-2.87\build3\vs2010\obj\x64\debug\bulletinversedynamicsutils\bulletin.0f6d6bba.tlog\cl.write.1.tlog
d:\bsc-live-coding\libraries\bullet3-2.87\build3\vs2010\obj\x64\debug\bulletinversedynamicsutils\bulletin.0f6d6bba.tlog\lib-link.read.1.tlog
d:\bsc-live-coding\libraries\bullet3-2.87\build3\vs2010\obj\x64\debug\bulletinversedynamicsutils\bulletin.0f6d6bba.tlog\lib-link.write.1.tlog
d:\bsc-live-coding\libraries\bullet3-2.87\build3\vs2010\obj\x64\debug\bulletinversedynamicsutils\bulletin.0f6d6bba.tlog\lib.command.1.tlog
