d:\bsc-live-coding\libraries\bullet3-2.87\build3\vs2010\obj\x64\debug\bulletcollision\btbroadphaseproxy.obj
d:\bsc-live-coding\libraries\bullet3-2.87\build3\vs2010\obj\x64\debug\bulletcollision\btdbvtbroadphase.obj
d:\bsc-live-coding\libraries\bullet3-2.87\build3\vs2010\obj\x64\debug\bulletcollision\btactivatingcollisionalgorithm.obj
d:\bsc-live-coding\libraries\bullet3-2.87\build3\vs2010\obj\x64\debug\bulletcollision\btboxboxdetector.obj
d:\bsc-live-coding\libraries\bullet3-2.87\build3\vs2010\obj\x64\debug\bulletcollision\btcollisionobject.obj
d:\bsc-live-coding\libraries\bullet3-2.87\build3\vs2010\obj\x64\debug\bulletcollision\btcompoundcompoundcollisionalgorithm.obj
d:\bsc-live-coding\libraries\bullet3-2.87\build3\vs2010\obj\x64\debug\bulletcollision\btconvexconcavecollisionalgorithm.obj
d:\bsc-live-coding\libraries\bullet3-2.87\build3\vs2010\obj\x64\debug\bulletcollision\btdefaultcollisionconfiguration.obj
d:\bsc-live-coding\libraries\bullet3-2.87\build3\vs2010\obj\x64\debug\bulletcollision\btsimulationislandmanager.obj
d:\bsc-live-coding\libraries\bullet3-2.87\build3\vs2010\obj\x64\debug\bulletcollision\btspheretrianglecollisionalgorithm.obj
d:\bsc-live-coding\libraries\bullet3-2.87\build3\vs2010\obj\x64\debug\bulletcollision\btbvhtrianglemeshshape.obj
d:\bsc-live-coding\libraries\bullet3-2.87\build3\vs2010\obj\x64\debug\bulletcollision\btconvexpointcloudshape.obj
d:\bsc-live-coding\libraries\bullet3-2.87\build3\vs2010\obj\x64\debug\bulletcollision\btconvextrianglemeshshape.obj
d:\bsc-live-coding\libraries\bullet3-2.87\build3\vs2010\obj\x64\debug\bulletcollision\btheightfieldterrainshape.obj
d:\bsc-live-coding\libraries\bullet3-2.87\build3\vs2010\obj\x64\debug\bulletcollision\btoptimizedbvh.obj
d:\bsc-live-coding\libraries\bullet3-2.87\build3\vs2010\obj\x64\debug\bulletcollision\btscaledbvhtrianglemeshshape.obj
d:\bsc-live-coding\libraries\bullet3-2.87\build3\vs2010\obj\x64\debug\bulletcollision\bttrianglecallback.obj
d:\bsc-live-coding\libraries\bullet3-2.87\build3\vs2010\obj\x64\debug\bulletcollision\bttrianglemesh.obj
d:\bsc-live-coding\libraries\bullet3-2.87\build3\vs2010\obj\x64\debug\bulletcollision\btgenericpoolallocator.obj
d:\bsc-live-coding\libraries\bullet3-2.87\build3\vs2010\obj\x64\debug\bulletcollision\btgimpactquantizedbvh.obj
d:\bsc-live-coding\libraries\bullet3-2.87\build3\vs2010\obj\x64\debug\bulletcollision\gim_box_set.obj
d:\bsc-live-coding\libraries\bullet3-2.87\build3\vs2010\obj\x64\debug\bulletcollision\gim_contact.obj
d:\bsc-live-coding\libraries\bullet3-2.87\build3\vs2010\obj\x64\debug\bulletcollision\btcontinuousconvexcollision.obj
d:\bsc-live-coding\libraries\bullet3-2.87\build3\vs2010\obj\x64\debug\bulletcollision\btgjkpairdetector.obj
d:\bsc-live-coding\libraries\bullet3-2.87\build3\vs2010\obj\x64\debug\bulletcollision\btraycastcallback.obj
d:\bsc-live-coding\libraries\bullet3-2.87\build3\vs2010\obj\x64\debug\bulletcollision\btaxissweep3.obj
d:\bsc-live-coding\libraries\bullet3-2.87\build3\vs2010\obj\x64\debug\bulletcollision\btsimplebroadphase.obj
d:\bsc-live-coding\libraries\bullet3-2.87\build3\vs2010\obj\x64\debug\bulletcollision\btboxboxcollisionalgorithm.obj
d:\bsc-live-coding\libraries\bullet3-2.87\build3\vs2010\obj\x64\debug\bulletcollision\btcollisionworld.obj
d:\bsc-live-coding\libraries\bullet3-2.87\build3\vs2010\obj\x64\debug\bulletcollision\btconvexplanecollisionalgorithm.obj
d:\bsc-live-coding\libraries\bullet3-2.87\build3\vs2010\obj\x64\debug\bulletcollision\bthashedsimplepaircache.obj
d:\bsc-live-coding\libraries\bullet3-2.87\build3\vs2010\obj\x64\debug\bulletcollision\btmanifoldresult.obj
d:\bsc-live-coding\libraries\bullet3-2.87\build3\vs2010\obj\x64\debug\bulletcollision\btsphereboxcollisionalgorithm.obj
d:\bsc-live-coding\libraries\bullet3-2.87\build3\vs2010\obj\x64\debug\bulletcollision\btboxshape.obj
d:\bsc-live-coding\libraries\bullet3-2.87\build3\vs2010\obj\x64\debug\bulletcollision\btcompoundshape.obj
d:\bsc-live-coding\libraries\bullet3-2.87\build3\vs2010\obj\x64\debug\bulletcollision\btconvexinternalshape.obj
d:\bsc-live-coding\libraries\bullet3-2.87\build3\vs2010\obj\x64\debug\bulletcollision\btconvexshape.obj
d:\bsc-live-coding\libraries\bullet3-2.87\build3\vs2010\obj\x64\debug\bulletcollision\btmultimaterialtrianglemeshshape.obj
d:\bsc-live-coding\libraries\bullet3-2.87\build3\vs2010\obj\x64\debug\bulletcollision\btsphereshape.obj
d:\bsc-live-coding\libraries\bullet3-2.87\build3\vs2010\obj\x64\debug\bulletcollision\btstridingmeshinterface.obj
d:\bsc-live-coding\libraries\bullet3-2.87\build3\vs2010\obj\x64\debug\bulletcollision\btuniformscalingshape.obj
d:\bsc-live-coding\libraries\bullet3-2.87\build3\vs2010\obj\x64\debug\bulletcollision\btgimpactcollisionalgorithm.obj
d:\bsc-live-coding\libraries\bullet3-2.87\build3\vs2010\obj\x64\debug\bulletcollision\btconvexcast.obj
d:\bsc-live-coding\libraries\bullet3-2.87\build3\vs2010\obj\x64\debug\bulletcollision\btgjkepapenetrationdepthsolver.obj
d:\bsc-live-coding\libraries\bullet3-2.87\build3\vs2010\obj\x64\debug\bulletcollision\btpolyhedralcontactclipping.obj
d:\bsc-live-coding\libraries\bullet3-2.87\build3\vs2010\obj\x64\debug\bulletcollision\btcollisionalgorithm.obj
d:\bsc-live-coding\libraries\bullet3-2.87\build3\vs2010\obj\x64\debug\bulletcollision\btdispatcher.obj
d:\bsc-live-coding\libraries\bullet3-2.87\build3\vs2010\obj\x64\debug\bulletcollision\btoverlappingpaircache.obj
d:\bsc-live-coding\libraries\bullet3-2.87\build3\vs2010\obj\x64\debug\bulletcollision\btbox2dbox2dcollisionalgorithm.obj
d:\bsc-live-coding\libraries\bullet3-2.87\build3\vs2010\obj\x64\debug\bulletcollision\btcollisiondispatchermt.obj
d:\bsc-live-coding\libraries\bullet3-2.87\build3\vs2010\obj\x64\debug\bulletcollision\btcompoundcollisionalgorithm.obj
d:\bsc-live-coding\libraries\bullet3-2.87\build3\vs2010\obj\x64\debug\bulletcollision\btconvex2dconvex2dalgorithm.obj
d:\bsc-live-coding\libraries\bullet3-2.87\build3\vs2010\obj\x64\debug\bulletcollision\btconvexconvexalgorithm.obj
d:\bsc-live-coding\libraries\bullet3-2.87\build3\vs2010\obj\x64\debug\bulletcollision\btghostobject.obj
d:\bsc-live-coding\libraries\bullet3-2.87\build3\vs2010\obj\x64\debug\bulletcollision\btspherespherecollisionalgorithm.obj
d:\bsc-live-coding\libraries\bullet3-2.87\build3\vs2010\obj\x64\debug\bulletcollision\spheretriangledetector.obj
d:\bsc-live-coding\libraries\bullet3-2.87\build3\vs2010\obj\x64\debug\bulletcollision\btcapsuleshape.obj
d:\bsc-live-coding\libraries\bullet3-2.87\build3\vs2010\obj\x64\debug\bulletcollision\btconcaveshape.obj
d:\bsc-live-coding\libraries\bullet3-2.87\build3\vs2010\obj\x64\debug\bulletcollision\btconeshape.obj
d:\bsc-live-coding\libraries\bullet3-2.87\build3\vs2010\obj\x64\debug\bulletcollision\btconvexhullshape.obj
d:\bsc-live-coding\libraries\bullet3-2.87\build3\vs2010\obj\x64\debug\bulletcollision\btminkowskisumshape.obj
d:\bsc-live-coding\libraries\bullet3-2.87\build3\vs2010\obj\x64\debug\bulletcollision\btpolyhedralconvexshape.obj
d:\bsc-live-coding\libraries\bullet3-2.87\build3\vs2010\obj\x64\debug\bulletcollision\btshapehull.obj
d:\bsc-live-coding\libraries\bullet3-2.87\build3\vs2010\obj\x64\debug\bulletcollision\bttrianglebuffer.obj
d:\bsc-live-coding\libraries\bullet3-2.87\build3\vs2010\obj\x64\debug\bulletcollision\bttriangleindexvertexmaterialarray.obj
d:\bsc-live-coding\libraries\bullet3-2.87\build3\vs2010\obj\x64\debug\bulletcollision\btcontactprocessing.obj
d:\bsc-live-coding\libraries\bullet3-2.87\build3\vs2010\obj\x64\debug\bulletcollision\btgimpactshape.obj
d:\bsc-live-coding\libraries\bullet3-2.87\build3\vs2010\obj\x64\debug\bulletcollision\btgjkepa2.obj
d:\bsc-live-coding\libraries\bullet3-2.87\build3\vs2010\obj\x64\debug\bulletcollision\btpersistentmanifold.obj
d:\bsc-live-coding\libraries\bullet3-2.87\build3\vs2010\obj\x64\debug\bulletcollision\btsubsimplexconvexcast.obj
d:\bsc-live-coding\libraries\bullet3-2.87\build3\vs2010\obj\x64\debug\bulletcollision\btdbvt.obj
d:\bsc-live-coding\libraries\bullet3-2.87\build3\vs2010\obj\x64\debug\bulletcollision\btquantizedbvh.obj
d:\bsc-live-coding\libraries\bullet3-2.87\build3\vs2010\obj\x64\debug\bulletcollision\btcollisiondispatcher.obj
d:\bsc-live-coding\libraries\bullet3-2.87\build3\vs2010\obj\x64\debug\bulletcollision\btcollisionworldimporter.obj
d:\bsc-live-coding\libraries\bullet3-2.87\build3\vs2010\obj\x64\debug\bulletcollision\btemptycollisionalgorithm.obj
d:\bsc-live-coding\libraries\bullet3-2.87\build3\vs2010\obj\x64\debug\bulletcollision\btinternaledgeutility.obj
d:\bsc-live-coding\libraries\bullet3-2.87\build3\vs2010\obj\x64\debug\bulletcollision\btunionfind.obj
d:\bsc-live-coding\libraries\bullet3-2.87\build3\vs2010\obj\x64\debug\bulletcollision\btbox2dshape.obj
d:\bsc-live-coding\libraries\bullet3-2.87\build3\vs2010\obj\x64\debug\bulletcollision\btcollisionshape.obj
d:\bsc-live-coding\libraries\bullet3-2.87\build3\vs2010\obj\x64\debug\bulletcollision\btconvex2dshape.obj
d:\bsc-live-coding\libraries\bullet3-2.87\build3\vs2010\obj\x64\debug\bulletcollision\btconvexpolyhedron.obj
d:\bsc-live-coding\libraries\bullet3-2.87\build3\vs2010\obj\x64\debug\bulletcollision\btcylindershape.obj
d:\bsc-live-coding\libraries\bullet3-2.87\build3\vs2010\obj\x64\debug\bulletcollision\btemptyshape.obj
d:\bsc-live-coding\libraries\bullet3-2.87\build3\vs2010\obj\x64\debug\bulletcollision\btmultisphereshape.obj
d:\bsc-live-coding\libraries\bullet3-2.87\build3\vs2010\obj\x64\debug\bulletcollision\btstaticplaneshape.obj
d:\bsc-live-coding\libraries\bullet3-2.87\build3\vs2010\obj\x64\debug\bulletcollision\bttetrahedronshape.obj
d:\bsc-live-coding\libraries\bullet3-2.87\build3\vs2010\obj\x64\debug\bulletcollision\bttriangleindexvertexarray.obj
d:\bsc-live-coding\libraries\bullet3-2.87\build3\vs2010\obj\x64\debug\bulletcollision\bttrianglemeshshape.obj
d:\bsc-live-coding\libraries\bullet3-2.87\build3\vs2010\obj\x64\debug\bulletcollision\btgimpactbvh.obj
d:\bsc-live-coding\libraries\bullet3-2.87\build3\vs2010\obj\x64\debug\bulletcollision\bttriangleshapeex.obj
d:\bsc-live-coding\libraries\bullet3-2.87\build3\vs2010\obj\x64\debug\bulletcollision\gim_memory.obj
d:\bsc-live-coding\libraries\bullet3-2.87\build3\vs2010\obj\x64\debug\bulletcollision\gim_tri_collision.obj
d:\bsc-live-coding\libraries\bullet3-2.87\build3\vs2010\obj\x64\debug\bulletcollision\btgjkconvexcast.obj
d:\bsc-live-coding\libraries\bullet3-2.87\build3\vs2010\obj\x64\debug\bulletcollision\btminkowskipenetrationdepthsolver.obj
d:\bsc-live-coding\libraries\bullet3-2.87\build3\vs2010\obj\x64\debug\bulletcollision\btvoronoisimplexsolver.obj
d:\bsc-live-coding\libraries\bullet3-2.87\bin\bulletcollision_vs2010_x64_debug.pdb
d:\bsc-live-coding\libraries\bullet3-2.87\bin\bulletcollision_vs2010_x64_debug.lib
d:\bsc-live-coding\libraries\bullet3-2.87\build3\vs2010\..\..\bin\bulletcollision_vs2010_x64_debug.lib
d:\bsc-live-coding\libraries\bullet3-2.87\build3\vs2010\obj\x64\debug\bulletcollision\bulletcollision.tlog\cl.command.1.tlog
d:\bsc-live-coding\libraries\bullet3-2.87\build3\vs2010\obj\x64\debug\bulletcollision\bulletcollision.tlog\cl.read.1.tlog
d:\bsc-live-coding\libraries\bullet3-2.87\build3\vs2010\obj\x64\debug\bulletcollision\bulletcollision.tlog\cl.write.1.tlog
d:\bsc-live-coding\libraries\bullet3-2.87\build3\vs2010\obj\x64\debug\bulletcollision\bulletcollision.tlog\lib-link.read.1.tlog
d:\bsc-live-coding\libraries\bullet3-2.87\build3\vs2010\obj\x64\debug\bulletcollision\bulletcollision.tlog\lib-link.write.1.tlog
d:\bsc-live-coding\libraries\bullet3-2.87\build3\vs2010\obj\x64\debug\bulletcollision\bulletcollision.tlog\lib.command.1.tlog
