d:\bsc-live-coding\libraries\bullet3-2.87\build3\vs2010\obj\x64\debug\convexdecomposition\cd_hull.obj
d:\bsc-live-coding\libraries\bullet3-2.87\build3\vs2010\obj\x64\debug\convexdecomposition\convexdecomposition.obj
d:\bsc-live-coding\libraries\bullet3-2.87\build3\vs2010\obj\x64\debug\convexdecomposition\cd_wavefront.obj
d:\bsc-live-coding\libraries\bullet3-2.87\build3\vs2010\obj\x64\debug\convexdecomposition\meshvolume.obj
d:\bsc-live-coding\libraries\bullet3-2.87\build3\vs2010\obj\x64\debug\convexdecomposition\raytri.obj
d:\bsc-live-coding\libraries\bullet3-2.87\build3\vs2010\obj\x64\debug\convexdecomposition\bestfit.obj
d:\bsc-live-coding\libraries\bullet3-2.87\build3\vs2010\obj\x64\debug\convexdecomposition\convexbuilder.obj
d:\bsc-live-coding\libraries\bullet3-2.87\build3\vs2010\obj\x64\debug\convexdecomposition\fitsphere.obj
d:\bsc-live-coding\libraries\bullet3-2.87\build3\vs2010\obj\x64\debug\convexdecomposition\float_math.obj
d:\bsc-live-coding\libraries\bullet3-2.87\build3\vs2010\obj\x64\debug\convexdecomposition\planetri.obj
d:\bsc-live-coding\libraries\bullet3-2.87\build3\vs2010\obj\x64\debug\convexdecomposition\splitplane.obj
d:\bsc-live-coding\libraries\bullet3-2.87\build3\vs2010\obj\x64\debug\convexdecomposition\bestfitobb.obj
d:\bsc-live-coding\libraries\bullet3-2.87\build3\vs2010\obj\x64\debug\convexdecomposition\concavity.obj
d:\bsc-live-coding\libraries\bullet3-2.87\build3\vs2010\obj\x64\debug\convexdecomposition\vlookup.obj
d:\bsc-live-coding\libraries\bullet3-2.87\bin\convexdecomposition_vs2010_x64_debug.pdb
d:\bsc-live-coding\libraries\bullet3-2.87\bin\convexdecomposition_vs2010_x64_debug.lib
d:\bsc-live-coding\libraries\bullet3-2.87\build3\vs2010\..\..\bin\convexdecomposition_vs2010_x64_debug.lib
d:\bsc-live-coding\libraries\bullet3-2.87\build3\vs2010\obj\x64\debug\convexdecomposition\convexde.890ed897.tlog\cl.command.1.tlog
d:\bsc-live-coding\libraries\bullet3-2.87\build3\vs2010\obj\x64\debug\convexdecomposition\convexde.890ed897.tlog\cl.read.1.tlog
d:\bsc-live-coding\libraries\bullet3-2.87\build3\vs2010\obj\x64\debug\convexdecomposition\convexde.890ed897.tlog\cl.write.1.tlog
d:\bsc-live-coding\libraries\bullet3-2.87\build3\vs2010\obj\x64\debug\convexdecomposition\convexde.890ed897.tlog\lib-link.read.1.tlog
d:\bsc-live-coding\libraries\bullet3-2.87\build3\vs2010\obj\x64\debug\convexdecomposition\convexde.890ed897.tlog\lib-link.write.1.tlog
d:\bsc-live-coding\libraries\bullet3-2.87\build3\vs2010\obj\x64\debug\convexdecomposition\convexde.890ed897.tlog\lib.command.1.tlog
