d:\bsc-live-coding\libraries\bullet3-2.87\bin\app_physicsserver_sharedmemory_vs2010_x64_debug.lib
d:\bsc-live-coding\libraries\bullet3-2.87\bin\app_physicsserver_sharedmemory_vs2010_x64_debug.exp
d:\bsc-live-coding\libraries\bullet3-2.87\build3\vs2010\obj\x64\debug\app_physicsserver_sharedmemory\physicsclientsharedmemory.obj
d:\bsc-live-coding\libraries\bullet3-2.87\build3\vs2010\obj\x64\debug\app_physicsserver_sharedmemory\physicsserver.obj
d:\bsc-live-coding\libraries\bullet3-2.87\build3\vs2010\obj\x64\debug\app_physicsserver_sharedmemory\physicsclientc_api.obj
d:\bsc-live-coding\libraries\bullet3-2.87\build3\vs2010\obj\x64\debug\app_physicsserver_sharedmemory\posixsharedmemory.obj
d:\bsc-live-coding\libraries\bullet3-2.87\build3\vs2010\obj\x64\debug\app_physicsserver_sharedmemory\inprocessmemory.obj
d:\bsc-live-coding\libraries\bullet3-2.87\build3\vs2010\obj\x64\debug\app_physicsserver_sharedmemory\physicsdirect.obj
d:\bsc-live-coding\libraries\bullet3-2.87\build3\vs2010\obj\x64\debug\app_physicsserver_sharedmemory\geometry.obj
d:\bsc-live-coding\libraries\bullet3-2.87\build3\vs2010\obj\x64\debug\app_physicsserver_sharedmemory\model.obj
d:\bsc-live-coding\libraries\bullet3-2.87\build3\vs2010\obj\x64\debug\app_physicsserver_sharedmemory\tinyrenderer.obj
d:\bsc-live-coding\libraries\bullet3-2.87\build3\vs2010\obj\x64\debug\app_physicsserver_sharedmemory\urdfparser.obj
d:\bsc-live-coding\libraries\bullet3-2.87\build3\vs2010\obj\x64\debug\app_physicsserver_sharedmemory\bulletmjcfimporter.obj
d:\bsc-live-coding\libraries\bullet3-2.87\build3\vs2010\obj\x64\debug\app_physicsserver_sharedmemory\bfile.obj
d:\bsc-live-coding\libraries\bullet3-2.87\build3\vs2010\obj\x64\debug\app_physicsserver_sharedmemory\wavefront2glinstancegraphicsshape.obj
d:\bsc-live-coding\libraries\bullet3-2.87\build3\vs2010\obj\x64\debug\app_physicsserver_sharedmemory\b3win32threadsupport.obj
d:\bsc-live-coding\libraries\bullet3-2.87\build3\vs2010\obj\x64\debug\app_physicsserver_sharedmemory\physicsclient.obj
d:\bsc-live-coding\libraries\bullet3-2.87\build3\vs2010\obj\x64\debug\app_physicsserver_sharedmemory\physicsserverexample.obj
d:\bsc-live-coding\libraries\bullet3-2.87\build3\vs2010\obj\x64\debug\app_physicsserver_sharedmemory\physicsclientsharedmemory2_c_api.obj
d:\bsc-live-coding\libraries\bullet3-2.87\build3\vs2010\obj\x64\debug\app_physicsserver_sharedmemory\physicsservercommandprocessor.obj
d:\bsc-live-coding\libraries\bullet3-2.87\build3\vs2010\obj\x64\debug\app_physicsserver_sharedmemory\urdfstringsplit.obj
d:\bsc-live-coding\libraries\bullet3-2.87\build3\vs2010\obj\x64\debug\app_physicsserver_sharedmemory\b3resourcepath.obj
d:\bsc-live-coding\libraries\bullet3-2.87\build3\vs2010\obj\x64\debug\app_physicsserver_sharedmemory\btbulletworldimporter.obj
d:\bsc-live-coding\libraries\bullet3-2.87\build3\vs2010\obj\x64\debug\app_physicsserver_sharedmemory\tiny_obj_loader.obj
d:\bsc-live-coding\libraries\bullet3-2.87\build3\vs2010\obj\x64\debug\app_physicsserver_sharedmemory\b3threadsupportinterface.obj
d:\bsc-live-coding\libraries\bullet3-2.87\build3\vs2010\obj\x64\debug\app_physicsserver_sharedmemory\iktrajectoryhelper.obj
d:\bsc-live-coding\libraries\bullet3-2.87\build3\vs2010\obj\x64\debug\app_physicsserver_sharedmemory\physicsserverexamplebullet2.obj
d:\bsc-live-coding\libraries\bullet3-2.87\build3\vs2010\obj\x64\debug\app_physicsserver_sharedmemory\physicsserversharedmemory.obj
d:\bsc-live-coding\libraries\bullet3-2.87\build3\vs2010\obj\x64\debug\app_physicsserver_sharedmemory\physicsclientsharedmemory_c_api.obj
d:\bsc-live-coding\libraries\bullet3-2.87\build3\vs2010\obj\x64\debug\app_physicsserver_sharedmemory\sharedmemorycommandprocessor.obj
d:\bsc-live-coding\libraries\bullet3-2.87\build3\vs2010\obj\x64\debug\app_physicsserver_sharedmemory\tinyrenderervisualshapeconverter.obj
d:\bsc-live-coding\libraries\bullet3-2.87\build3\vs2010\obj\x64\debug\app_physicsserver_sharedmemory\simplecamera.obj
d:\bsc-live-coding\libraries\bullet3-2.87\build3\vs2010\obj\x64\debug\app_physicsserver_sharedmemory\bulleturdfimporter.obj
d:\bsc-live-coding\libraries\bullet3-2.87\build3\vs2010\obj\x64\debug\app_physicsserver_sharedmemory\b3clock.obj
d:\bsc-live-coding\libraries\bullet3-2.87\build3\vs2010\obj\x64\debug\app_physicsserver_sharedmemory\robotloggingutil.obj
d:\bsc-live-coding\libraries\bullet3-2.87\build3\vs2010\obj\x64\debug\app_physicsserver_sharedmemory\bchunk.obj
d:\bsc-live-coding\libraries\bullet3-2.87\build3\vs2010\obj\x64\debug\app_physicsserver_sharedmemory\bdna.obj
d:\bsc-live-coding\libraries\bullet3-2.87\build3\vs2010\obj\x64\debug\app_physicsserver_sharedmemory\btbulletfile.obj
d:\bsc-live-coding\libraries\bullet3-2.87\build3\vs2010\obj\x64\debug\app_physicsserver_sharedmemory\loadmeshfromobj.obj
d:\bsc-live-coding\libraries\bullet3-2.87\build3\vs2010\obj\x64\debug\app_physicsserver_sharedmemory\tinystr.obj
d:\bsc-live-coding\libraries\bullet3-2.87\build3\vs2010\obj\x64\debug\app_physicsserver_sharedmemory\tinyxml.obj
d:\bsc-live-coding\libraries\bullet3-2.87\build3\vs2010\obj\x64\debug\app_physicsserver_sharedmemory\tinyxmlparser.obj
d:\bsc-live-coding\libraries\bullet3-2.87\build3\vs2010\obj\x64\debug\app_physicsserver_sharedmemory\stb_image.obj
d:\bsc-live-coding\libraries\bullet3-2.87\build3\vs2010\obj\x64\debug\app_physicsserver_sharedmemory\main.obj
d:\bsc-live-coding\libraries\bullet3-2.87\build3\vs2010\obj\x64\debug\app_physicsserver_sharedmemory\physicsclientexample.obj
d:\bsc-live-coding\libraries\bullet3-2.87\build3\vs2010\obj\x64\debug\app_physicsserver_sharedmemory\win32sharedmemory.obj
d:\bsc-live-coding\libraries\bullet3-2.87\build3\vs2010\obj\x64\debug\app_physicsserver_sharedmemory\physicsdirectc_api.obj
d:\bsc-live-coding\libraries\bullet3-2.87\build3\vs2010\obj\x64\debug\app_physicsserver_sharedmemory\physicsloopback.obj
d:\bsc-live-coding\libraries\bullet3-2.87\build3\vs2010\obj\x64\debug\app_physicsserver_sharedmemory\physicsloopbackc_api.obj
d:\bsc-live-coding\libraries\bullet3-2.87\build3\vs2010\obj\x64\debug\app_physicsserver_sharedmemory\physicsclientsharedmemory2.obj
d:\bsc-live-coding\libraries\bullet3-2.87\build3\vs2010\obj\x64\debug\app_physicsserver_sharedmemory\b3pluginmanager.obj
d:\bsc-live-coding\libraries\bullet3-2.87\build3\vs2010\obj\x64\debug\app_physicsserver_sharedmemory\tgaimage.obj
d:\bsc-live-coding\libraries\bullet3-2.87\build3\vs2010\obj\x64\debug\app_physicsserver_sharedmemory\our_gl.obj
d:\bsc-live-coding\libraries\bullet3-2.87\build3\vs2010\obj\x64\debug\app_physicsserver_sharedmemory\mymultibodycreator.obj
d:\bsc-live-coding\libraries\bullet3-2.87\build3\vs2010\obj\x64\debug\app_physicsserver_sharedmemory\urdf2bullet.obj
d:\bsc-live-coding\libraries\bullet3-2.87\build3\vs2010\obj\x64\debug\app_physicsserver_sharedmemory\chrometraceutil.obj
d:\bsc-live-coding\libraries\bullet3-2.87\build3\vs2010\obj\x64\debug\app_physicsserver_sharedmemory\btworldimporter.obj
d:\bsc-live-coding\libraries\bullet3-2.87\build3\vs2010\obj\x64\debug\app_physicsserver_sharedmemory\loadmeshfromcollada.obj
d:\bsc-live-coding\libraries\bullet3-2.87\build3\vs2010\obj\x64\debug\app_physicsserver_sharedmemory\tinyxmlerror.obj
d:\bsc-live-coding\libraries\bullet3-2.87\build3\vs2010\obj\x64\debug\app_physicsserver_sharedmemory\b3importmeshutility.obj
d:\bsc-live-coding\libraries\bullet3-2.87\bin\app_physicsserver_sharedmemory_vs2010_x64_debug.pdb
d:\bsc-live-coding\libraries\bullet3-2.87\bin\app_physicsserver_sharedmemory_vs2010_x64_debug.ilk
d:\bsc-live-coding\libraries\bullet3-2.87\bin\app_physicsserver_sharedmemory_vs2010_x64_debug.exe
d:\bsc-live-coding\libraries\bullet3-2.87\bin\lnk{d894d35e-e63c-4c7f-964a-8364ce632325}.tmp
d:\bsc-live-coding\libraries\bullet3-2.87\build3\vs2010\..\..\bin\app_physicsserver_sharedmemory_vs2010_x64_debug.exe
d:\bsc-live-coding\libraries\bullet3-2.87\build3\vs2010\obj\x64\debug\app_physicsserver_sharedmemory\app_phys.3e2a2fa8.tlog\app_physicsserver_sharedmemory.write.1u.tlog
d:\bsc-live-coding\libraries\bullet3-2.87\build3\vs2010\obj\x64\debug\app_physicsserver_sharedmemory\app_phys.3e2a2fa8.tlog\cl.command.1.tlog
d:\bsc-live-coding\libraries\bullet3-2.87\build3\vs2010\obj\x64\debug\app_physicsserver_sharedmemory\app_phys.3e2a2fa8.tlog\cl.read.1.tlog
d:\bsc-live-coding\libraries\bullet3-2.87\build3\vs2010\obj\x64\debug\app_physicsserver_sharedmemory\app_phys.3e2a2fa8.tlog\cl.write.1.tlog
d:\bsc-live-coding\libraries\bullet3-2.87\build3\vs2010\obj\x64\debug\app_physicsserver_sharedmemory\app_phys.3e2a2fa8.tlog\link.command.1.tlog
d:\bsc-live-coding\libraries\bullet3-2.87\build3\vs2010\obj\x64\debug\app_physicsserver_sharedmemory\app_phys.3e2a2fa8.tlog\link.delete.1.tlog
d:\bsc-live-coding\libraries\bullet3-2.87\build3\vs2010\obj\x64\debug\app_physicsserver_sharedmemory\app_phys.3e2a2fa8.tlog\link.read.1.tlog
d:\bsc-live-coding\libraries\bullet3-2.87\build3\vs2010\obj\x64\debug\app_physicsserver_sharedmemory\app_phys.3e2a2fa8.tlog\link.write.1.tlog
