d:\bsc-live-coding\libraries\bullet3-2.87\bin\app_physicsserversharedmemorybridgeudp_vs2010_x64_debug.lib
d:\bsc-live-coding\libraries\bullet3-2.87\bin\app_physicsserversharedmemorybridgeudp_vs2010_x64_debug.exp
d:\bsc-live-coding\libraries\bullet3-2.87\build3\vs2010\obj\x64\debug\app_physicsserversharedmemorybridgeudp\physicsdirect.obj
d:\bsc-live-coding\libraries\bullet3-2.87\build3\vs2010\obj\x64\debug\app_physicsserversharedmemorybridgeudp\sharedmemorycommandprocessor.obj
d:\bsc-live-coding\libraries\bullet3-2.87\build3\vs2010\obj\x64\debug\app_physicsserversharedmemorybridgeudp\win32sharedmemory.obj
d:\bsc-live-coding\libraries\bullet3-2.87\build3\vs2010\obj\x64\debug\app_physicsserversharedmemorybridgeudp\b3resourcepath.obj
d:\bsc-live-coding\libraries\bullet3-2.87\build3\vs2010\obj\x64\debug\app_physicsserversharedmemorybridgeudp\physicsclient.obj
d:\bsc-live-coding\libraries\bullet3-2.87\build3\vs2010\obj\x64\debug\app_physicsserversharedmemorybridgeudp\physicsclientc_api.obj
d:\bsc-live-coding\libraries\bullet3-2.87\build3\vs2010\obj\x64\debug\app_physicsserversharedmemorybridgeudp\posixsharedmemory.obj
d:\bsc-live-coding\libraries\bullet3-2.87\build3\vs2010\obj\x64\debug\app_physicsserversharedmemorybridgeudp\b3clock.obj
d:\bsc-live-coding\libraries\bullet3-2.87\build3\vs2010\obj\x64\debug\app_physicsserversharedmemorybridgeudp\main.obj
d:\bsc-live-coding\libraries\bullet3-2.87\bin\app_physicsserversharedmemorybridgeudp_vs2010_x64_debug.pdb
d:\bsc-live-coding\libraries\bullet3-2.87\bin\app_physicsserversharedmemorybridgeudp_vs2010_x64_debug.ilk
d:\bsc-live-coding\libraries\bullet3-2.87\bin\app_physicsserversharedmemorybridgeudp_vs2010_x64_debug.exe
d:\bsc-live-coding\libraries\bullet3-2.87\bin\lnk{bfe24ed0-199c-456a-8bfc-f79bc8c660db}.tmp
d:\bsc-live-coding\libraries\bullet3-2.87\build3\vs2010\..\..\bin\app_physicsserversharedmemorybridgeudp_vs2010_x64_debug.exe
d:\bsc-live-coding\libraries\bullet3-2.87\build3\vs2010\obj\x64\debug\app_physicsserversharedmemorybridgeudp\app_phys.715ffcda.tlog\app_physicsserversharedmemorybridgeudp.write.1u.tlog
d:\bsc-live-coding\libraries\bullet3-2.87\build3\vs2010\obj\x64\debug\app_physicsserversharedmemorybridgeudp\app_phys.715ffcda.tlog\cl.command.1.tlog
d:\bsc-live-coding\libraries\bullet3-2.87\build3\vs2010\obj\x64\debug\app_physicsserversharedmemorybridgeudp\app_phys.715ffcda.tlog\cl.read.1.tlog
d:\bsc-live-coding\libraries\bullet3-2.87\build3\vs2010\obj\x64\debug\app_physicsserversharedmemorybridgeudp\app_phys.715ffcda.tlog\cl.write.1.tlog
d:\bsc-live-coding\libraries\bullet3-2.87\build3\vs2010\obj\x64\debug\app_physicsserversharedmemorybridgeudp\app_phys.715ffcda.tlog\link.command.1.tlog
d:\bsc-live-coding\libraries\bullet3-2.87\build3\vs2010\obj\x64\debug\app_physicsserversharedmemorybridgeudp\app_phys.715ffcda.tlog\link.delete.1.tlog
d:\bsc-live-coding\libraries\bullet3-2.87\build3\vs2010\obj\x64\debug\app_physicsserversharedmemorybridgeudp\app_phys.715ffcda.tlog\link.read.1.tlog
d:\bsc-live-coding\libraries\bullet3-2.87\build3\vs2010\obj\x64\debug\app_physicsserversharedmemorybridgeudp\app_phys.715ffcda.tlog\link.write.1.tlog
